--------- beginning of main
08-17 15:04:02.230 V/NativeGlue( 9904): Pause: 0xb4000071fa043f70
08-17 15:04:02.313 E/reader.launche(10344): Not starting debugger since process cannot load the jdwp agent.
08-17 15:04:02.316 D/ProcessState(10344): Binder ioctl to enable oneway spam detection failed: Invalid argument
08-17 15:04:02.375 D/CompatibilityChangeReporter(10344): Compat change id reported: 171979766; UID 10179; state: DISABLED
08-17 15:04:02.399 I/Perf    (10344): Connecting to perf service.
08-17 15:04:02.402 V/GraphicsEnvironment(10344): ANGLE Developer option for 'org.koreader.launcher' set to: 'default'
08-17 15:04:02.403 V/GraphicsEnvironment(10344): ANGLE GameManagerService for org.koreader.launcher: false
08-17 15:04:02.403 V/GraphicsEnvironment(10344): Neither updatable production driver nor prerelease driver is supported.
08-17 15:04:02.403 D/NetworkSecurityConfig(10344): No Network Security Config specified, using platform default
08-17 15:04:02.403 D/NetworkSecurityConfig(10344): No Network Security Config specified, using platform default
08-17 15:04:02.439 D/CompatibilityChangeReporter(10344): Compat change id reported: 171228096; UID 10179; state: ENABLED
08-17 15:04:02.443 I/SystemUIConfig(10344): the context is null, init mAppContext from ActivityThread::org.koreader.launcher.MainApp@45f97d5
--------- beginning of system
08-17 15:04:02.463 V/ActivityThread(10344): reportTopResumedActivityChanged - > onActivityTopResumed
08-17 15:04:02.497 I/AdrenoGLES-0(10344): QUALCOMM build                   : ec028f8cac, Ic8928a1631
08-17 15:04:02.497 I/AdrenoGLES-0(10344): Build Date                       : 08/23/22
08-17 15:04:02.497 I/AdrenoGLES-0(10344): OpenGL ES Shader Compiler Version: EV031.32.02.17
08-17 15:04:02.497 I/AdrenoGLES-0(10344): Local Branch                     : 
08-17 15:04:02.497 I/AdrenoGLES-0(10344): Remote Branch                    : 
08-17 15:04:02.497 I/AdrenoGLES-0(10344): Remote Branch                    : 
08-17 15:04:02.497 I/AdrenoGLES-0(10344): Reconstruct Branch               : 
08-17 15:04:02.497 I/AdrenoGLES-0(10344): Build Config                     : S P 10.0.7 AArch64
08-17 15:04:02.497 I/AdrenoGLES-0(10344): Driver Path                      : /vendor/lib64/egl/libGLESv2_adreno.so
08-17 15:04:02.502 I/AdrenoGLES-0(10344): PFP: 0x016ee197, ME: 0x00000000
08-17 15:04:02.523 D/hw-ProcessState(10344): Binder ioctl to enable oneway spam detection failed: Invalid argument
08-17 15:04:02.553 I/OpenGLRenderer(10344): Davey! duration=9223252373706ms; Flags=1, FrameTimelineVsyncId=81768, IntendedVsync=119663146958000, Vsync=119663146958000, InputEventId=0, HandleInputStart=119663147388361, AnimationStart=119663147390027, PerformTraversalsStart=119663147391330, DrawStart=119663190154194, FrameDeadline=119663171958000, FrameInterval=119663147322736, FrameStartTime=25000000, SyncQueued=119663195068257, SyncStart=119663195938309, IssueDrawCommandsStart=119663196379975, SwapBuffers=119663212413257, FrameCompleted=9223372036854775807, DequeueBufferDuration=23802, QueueBufferDuration=1393020, GpuCompleted=9223372036854775807, SwapBuffersCompleted=119663215418100, DisplayPresentTime=0, 
08-17 15:04:16.834 I/MainActivity(10344): loading libluajit
08-17 15:04:16.846 V/NativeGlue(10344): User FIFO already exists at `/data/user/0/org.koreader.launcher/files/alooper.fifo`
08-17 15:04:16.846 V/NativeThread(10344): waiting for activity
08-17 15:04:16.846 I/Assets  (10344): loading koreader-monolibtic
08-17 15:04:16.851 I/DeviceInfo(10344): MANUFACTURER: qualcomm
08-17 15:04:16.851 I/DeviceInfo(10344): BRAND       : onyx
08-17 15:04:16.851 I/DeviceInfo(10344): MODEL       : gocolor7
08-17 15:04:16.851 I/DeviceInfo(10344): DEVICE      : gocolor7
08-17 15:04:16.851 I/DeviceInfo(10344): PRODUCT     : gocolor7
08-17 15:04:16.851 I/DeviceInfo(10344): HARDWARE    : qcom
08-17 15:04:16.855 I/Lights  (10344): Using Onyx Adb driver
08-17 15:04:16.857 V/Surface (10344): Using Native Content implementation
08-17 15:04:16.857 V/MainActivity(10344): native orientation: portrait
08-17 15:04:16.858 V/EventReceiver(10344): Filtering 3 events: 
08-17 15:04:16.858 V/EventReceiver(10344): android.intent.action.ACTION_POWER_CONNECTED
08-17 15:04:16.858 V/EventReceiver(10344): android.intent.action.ACTION_POWER_DISCONNECTED
08-17 15:04:16.858 V/EventReceiver(10344): android.intent.action.DOWNLOAD_COMPLETE
08-17 15:04:16.860 V/NativeGlue(10344): Start: 0xb4000071fa07e930
08-17 15:04:16.861 V/NativeGlue(10344): Resume: 0xb4000071fa07e930
08-17 15:04:16.863 V/Timeout (10344): onResume: updating system timeout: 35791
08-17 15:04:16.863 V/Timeout (10344): onResume
08-17 15:04:16.871 V/NativeGlue(10344): InputQueueCreated: 0xb4000071fa07e930 -- 0xb40000721a056120
08-17 15:04:16.873 V/ActivityThread(10344): reportTopResumedActivityChanged - > onActivityTopResumed
08-17 15:04:16.889 D/Surface (10344): onAttachedToWindow()
08-17 15:04:16.897 V/NativeGlue(10344): NativeWindowCreated: 0xb4000071fa07e930 -- 0xb4000072ba04f2b0
08-17 15:04:16.899 V/NativeThread(10344): Activity window ready.
08-17 15:04:16.907 V/Surface (10344): surface changed {
08-17 15:04:16.907 V/Surface (10344):   width:  1264
08-17 15:04:16.907 V/Surface (10344):   height: 1680
08-17 15:04:16.907 V/Surface (10344):   format: RGB_565
08-17 15:04:16.907 V/Surface (10344): }
08-17 15:04:16.907 V/NativeGlue(10344): NativeWindowResized: 0xb4000071fa07e930 -- 0xb4000072ba04f2b0
08-17 15:04:16.914 V/NativeGlue(10344): ContentRectChanged: l=0,t=0,r=1264,b=1680
08-17 15:04:16.915 V/NativeGlue(10344): NativeWindowRedrawNeeded: 0xb4000071fa07e930 -- 0xb4000072ba04f2b0
08-17 15:04:16.977 V/NativeGlue(10344): WindowFocusChanged: 0xb4000071fa07e930 -- 1
08-17 15:04:16.977 V/NativeThread(10344): Activity gained focus.
08-17 15:04:16.979 V/NativeThread(10344): Launching LuaJIT assets
08-17 15:04:16.992 I/Assets  (10344): Skip installation for revision v2025.08
08-17 15:04:16.993 I/KOReader(10344): has monolibtic? yes
08-17 15:04:16.993 I/KOReader(10344): lib_search_path: /data/app/~~8ZSGFcDZE6VxHdRVLEAGBg==/org.koreader.launcher-u0TmPxXEStABHvrp3a5BOg==/lib/arm64/?
08-17 15:04:16.993 I/KOReader(10344): lib_basic_format: lib%s.so
08-17 15:04:16.993 I/KOReader(10344): lib_version_format: lib%s.so
08-17 15:04:16.993 I/KOReader(10344): package.loadlib: /data/app/~~8ZSGFcDZE6VxHdRVLEAGBg==/org.koreader.launcher-u0TmPxXEStABHvrp3a5BOg==/lib/arm64/libkoreader-monolibtic.so [libs/libkoreader-lfs]
08-17 15:04:16.994 I/KOReader(10344): ffi.load: rt.so.1 (RTLD_GLOBAL)
08-17 15:04:16.996 I/MainActivity(10344): New intent: Intent { act=android.intent.action.MAIN cat=[android.intent.category.LAUNCHER] flg=0x10000000 cmp=org.koreader.launcher/.MainActivity }.action
08-17 15:04:17.010 I/KOReader(10344): ffi.findlib: utf8proc [3]
08-17 15:04:17.011 I/KOReader(10344): ffi.load: /data/app/~~8ZSGFcDZE6VxHdRVLEAGBg==/org.koreader.launcher-u0TmPxXEStABHvrp3a5BOg==/lib/arm64/libkoreader-monolibtic.so
08-17 15:04:17.046 I/KOReader(10344): ffi.findlib: blitbuffer
08-17 15:04:17.046 I/KOReader(10344): ffi.load: /data/app/~~8ZSGFcDZE6VxHdRVLEAGBg==/org.koreader.launcher-u0TmPxXEStABHvrp3a5BOg==/lib/arm64/libkoreader-monolibtic.so
08-17 15:04:17.050 I/KOReader(10344): ffi.findlib: archive [13]
08-17 15:04:17.050 I/KOReader(10344): ffi.load: /data/app/~~8ZSGFcDZE6VxHdRVLEAGBg==/org.koreader.launcher-u0TmPxXEStABHvrp3a5BOg==/lib/arm64/libkoreader-monolibtic.so
08-17 15:04:17.051 V/KOReader(10344): fts: Preferred MONOTONIC clock source is CLOCK_MONOTONIC
08-17 15:04:17.051 V/KOReader(10344): fts: Preferred REALTIME clock source is CLOCK_REALTIME
08-17 15:04:17.051 V/KOReader(10344): fts: BOOTTIME clock source is supported
08-17 15:04:17.057 I/KOReader(10344): Android 12 - S (API 32) - flavor: rocks
08-17 15:04:17.091 I/KOReader(10344): initializing for device gocolor7
08-17 15:04:17.092 I/KOReader(10344): framebuffer resolution: {
08-17 15:04:17.092 I/KOReader(10344):   h = 1680,
08-17 15:04:17.092 I/KOReader(10344):   w = 1264
08-17 15:04:17.092 I/KOReader(10344): } --[[table: 0x711fe79ac0]]
08-17 15:04:17.094 I/KOReader(10344): ffi.findlib: wrap-mupdf
08-17 15:04:17.094 I/KOReader(10344): ffi.load: /data/app/~~8ZSGFcDZE6VxHdRVLEAGBg==/org.koreader.launcher-u0TmPxXEStABHvrp3a5BOg==/lib/arm64/libkoreader-monolibtic.so
08-17 15:04:17.098 I/KOReader(10344): ffi.findlib: sqlite3 [0]
08-17 15:04:17.098 I/KOReader(10344): ffi.load: /data/app/~~8ZSGFcDZE6VxHdRVLEAGBg==/org.koreader.launcher-u0TmPxXEStABHvrp3a5BOg==/lib/arm64/libkoreader-monolibtic.so
08-17 15:04:17.100 I/KOReader(10344): package.loadlib: /data/app/~~8ZSGFcDZE6VxHdRVLEAGBg==/org.koreader.launcher-u0TmPxXEStABHvrp3a5BOg==/lib/arm64/libkoreader-monolibtic.so [libs/libkoreader-xtext]
08-17 15:04:17.106 I/KOReader(10344): Applying patch: /storage/emulated/0/koreader/patches/2-browser-folder-cover-3.lua
08-17 15:04:17.118 I/KOReader(10344): ffi.findlib: freetype [6]
08-17 15:04:17.118 I/KOReader(10344): ffi.load: /data/app/~~8ZSGFcDZE6VxHdRVLEAGBg==/org.koreader.launcher-u0TmPxXEStABHvrp3a5BOg==/lib/arm64/libkoreader-monolibtic.so
08-17 15:04:17.124 I/KOReader(10344): ffi.findlib: harfbuzz [0]
08-17 15:04:17.124 I/KOReader(10344): ffi.load: /data/app/~~8ZSGFcDZE6VxHdRVLEAGBg==/org.koreader.launcher-u0TmPxXEStABHvrp3a5BOg==/lib/arm64/libkoreader-monolibtic.so
08-17 15:04:17.128 I/KOReader(10344): ffi.findlib: zstd [1]
08-17 15:04:17.128 I/KOReader(10344): ffi.load: /data/app/~~8ZSGFcDZE6VxHdRVLEAGBg==/org.koreader.launcher-u0TmPxXEStABHvrp3a5BOg==/lib/arm64/libkoreader-monolibtic.so
08-17 15:04:17.136 V/KOReader(10344): FontList registered: Source Serif 4
08-17 15:04:17.136 V/KOReader(10344): FontList registered: Source Sans 3
08-17 15:04:17.136 V/KOReader(10344): FontList registered: Noto Sans Bengali UI
08-17 15:04:17.136 V/KOReader(10344): FontList registered: Standard Symbols L
08-17 15:04:17.136 V/KOReader(10344): FontList registered: Droid Sans Mono
08-17 15:04:17.136 V/KOReader(10344): FontList registered: Noto Serif
08-17 15:04:17.136 V/KOReader(10344): FontList registered: Nimbus Sans L
08-17 15:04:17.136 V/KOReader(10344): FontList registered: Noto Sans
08-17 15:04:17.136 V/KOReader(10344): FontList registered: Nimbus Mono
08-17 15:04:17.136 V/KOReader(10344): FontList registered: Nimbus Roman No9 L
08-17 15:04:17.136 V/KOReader(10344): FontList registered: Noto Naskh Arabic
08-17 15:04:17.136 V/KOReader(10344): FontList registered: Noto Sans CJK SC
08-17 15:04:17.136 V/KOReader(10344): FontList registered: Noto Sans Devanagari UI
08-17 15:04:17.136 V/KOReader(10344): FontList registered: Noto Sans Arabic UI
08-17 15:04:17.136 V/KOReader(10344): FontList registered: FreeSerif
08-17 15:04:17.136 V/KOReader(10344): FontList registered: FreeSans
08-17 15:04:17.136 V/KOReader(10344): FontList registered: New York Medium
08-17 15:04:17.136 V/KOReader(10344): FontList registered: Dingbats
08-17 15:04:17.136 V/KOReader(10344): FontList registered: NotoSans Nerd Font
08-17 15:04:17.147 V/KOReader(10344): Found font: NotoSans-Regular.ttf in ./fonts/noto/NotoSans-Regular.ttf
08-17 15:04:17.152 V/KOReader(10344): Found font: NotoSans-Bold.ttf in ./fonts/noto/NotoSans-Bold.ttf
08-17 15:04:17.152 V/KOReader(10344): Found font: NotoSans-Bold.ttf in ./fonts/noto/NotoSans-Bold.ttf
08-17 15:04:17.153 V/KOReader(10344): Found font: NotoSans-Regular.ttf in ./fonts/noto/NotoSans-Regular.ttf
08-17 15:04:17.158 V/KOReader(10344): Allocating a 474MB budget for the global document cache
08-17 15:04:17.166 V/KOReader(10344): Found font: NotoSans-Regular.ttf in ./fonts/noto/NotoSans-Regular.ttf
08-17 15:04:17.168 V/KOReader(10344): Found font: NotoSans-Regular.ttf in ./fonts/noto/NotoSans-Regular.ttf
08-17 15:04:17.175 V/KOReader(10344): Found font: DroidSansMono.ttf in ./fonts/droid/DroidSansMono.ttf
08-17 15:04:17.178 V/KOReader(10344): ReadCollection: reading from collection file
08-17 15:04:17.179 V/KOReader(10344): userpatch registered for plugin coverbrowser
08-17 15:04:17.179 I/KOReader(10344): Applying patch: /storage/emulated/0/koreader/patches/2-browser-folder-cover.lua
08-17 15:04:17.181 V/KOReader(10344): userpatch registered for plugin coverbrowser
08-17 15:04:17.181 I/KOReader(10344): Applying patch: /storage/emulated/0/koreader/patches/2-change-status-bar-color.lua
08-17 15:04:17.187 I/KOReader(10344): Applying patch: /storage/emulated/0/koreader/patches/2-footer-info-progress.lua
08-17 15:04:17.192 I/KOReader(10344): Applying patch: /storage/emulated/0/koreader/patches/2-header-manga.lua
08-17 15:04:17.193 I/KOReader(10344): Applying patch: /storage/emulated/0/koreader/patches/2-hide-folder-up.lua
08-17 15:04:17.229 I/KOReader(10344): package.loadlib: /data/app/~~8ZSGFcDZE6VxHdRVLEAGBg==/org.koreader.launcher-u0TmPxXEStABHvrp3a5BOg==/lib/arm64/libkoreader-monolibtic.so [lpeg]
08-17 15:04:17.324 I/KOReader(10344): Applying patch: /storage/emulated/0/koreader/patches/2-menutext-overrides.lua
08-17 15:04:17.325 I/KOReader(10344): Applying patch: /storage/emulated/0/koreader/patches/2-statusbar-better-compact.lua
08-17 15:04:17.325 I/KOReader(10344): Applying patch: /storage/emulated/0/koreader/patches/2-statusbar-thin-chapter.lua
08-17 15:04:17.329 I/KOReader(10344): Applying patch: /storage/emulated/0/koreader/patches/2-update-patches.lua
08-17 15:04:17.330 I/KOReader(10344): package.loadlib: /data/app/~~8ZSGFcDZE6VxHdRVLEAGBg==/org.koreader.launcher-u0TmPxXEStABHvrp3a5BOg==/lib/arm64/libkoreader-monolibtic.so [patches/guard]
08-17 15:04:17.332 I/KOReader(10344): package.loadlib: /data/app/~~8ZSGFcDZE6VxHdRVLEAGBg==/org.koreader.launcher-u0TmPxXEStABHvrp3a5BOg==/lib/arm64/libkoreader-monolibtic.so [socket.score]
08-17 15:04:17.333 I/KOReader(10344): package.loadlib: /data/app/~~8ZSGFcDZE6VxHdRVLEAGBg==/org.koreader.launcher-u0TmPxXEStABHvrp3a5BOg==/lib/arm64/libkoreader-monolibtic.so [mime.mcore]
08-17 15:04:17.402 V/KOReader(10344): show reader ui
08-17 15:04:17.406 V/KOReader(10344): DocSettings: data is read from /storage/emulated/0/epubs/fiktion/dag solstad - elfte romanen, artonde boken och 17_e romanen.sdr/metadata.epub.lua
08-17 15:04:17.409 V/KOReader(10344): Found font: NotoSansCJKsc-Regular.otf in ./fonts/noto/NotoSansCJKsc-Regular.otf
08-17 15:04:17.416 V/KOReader(10344): ImageWidget: _render'ing resources/icons/mdlight/notice-info.svg 73 73
08-17 15:04:17.416 I/KOReader(10344): package.loadlib: /data/app/~~8ZSGFcDZE6VxHdRVLEAGBg==/org.koreader.launcher-u0TmPxXEStABHvrp3a5BOg==/lib/arm64/libkoreader-monolibtic.so [libs/libkoreader-nnsvg]
08-17 15:04:17.416 V/KOReader(10344): renderSVG resources/icons/mdlight/notice-info.svg 1.5208333333333 48 48 > 73 73 0 0
08-17 15:04:17.416 V/KOReader(10344): cache image|resources/icons/mdlight/notice-info.svg|73|73|alpha
08-17 15:04:17.416 V/KOReader(10344): ImageWidget: initial offsets 0 0
08-17 15:04:17.416 V/KOReader(10344): show widget: table: 0x711e5ea250
08-17 15:04:17.416 V/KOReader(10344): setDirty nil from widget table: 0x711e5ea250 w/ NO region; dithering: nil
08-17 15:04:17.417 V/KOReader(10344): setDirty via a func from widget table: 0x711e5ea250
08-17 15:04:17.417 V/KOReader(10344): painting widget: table: 0x711e5ea250
08-17 15:04:17.418 V/KOReader(10344): blitFrom 165 803 0 0 73 73
08-17 15:04:17.420 V/KOReader(10344): _refresh: Enqueued ui update for region 152 711 960 257 dithering: false
08-17 15:04:17.421 V/KOReader(10344): triggering refresh {
08-17 15:04:17.421 V/KOReader(10344):   mode = "ui",
08-17 15:04:17.421 V/KOReader(10344):   region = "960x257+152+711"
08-17 15:04:17.421 V/KOReader(10344): } --[[table: 0x71073a9518]]
08-17 15:04:17.437 V/KOReader(10344): close widget: table: 0x711e5ea250
08-17 15:04:17.438 V/KOReader(10344): setDirty via a func from widget nil
08-17 15:04:17.438 V/KOReader(10344): creating coroutine for showing reader
08-17 15:04:17.438 I/KOReader(10344): opening file /storage/emulated/0/epubs/fiktion/dag solstad - elfte romanen, artonde boken och 17_e romanen.epub
08-17 15:04:17.475 I/KOReader(10344): package.loadlib: /data/app/~~8ZSGFcDZE6VxHdRVLEAGBg==/org.koreader.launcher-u0TmPxXEStABHvrp3a5BOg==/lib/arm64/libkoreader-monolibtic.so [libs/libkoreader-cre]
08-17 15:04:17.491 V/KOReader(10344): CreDocument: using cre call cache
08-17 15:04:17.492 I/KOReader(10344): Inhibiting user input
08-17 15:04:17.492 V/KOReader(10344): android.setIgnoreInput true
08-17 15:04:17.496 V/KOReader(10344): DocSettings: data is read from /storage/emulated/0/epubs/fiktion/dag solstad - elfte romanen, artonde boken och 17_e romanen.sdr/metadata.epub.lua
08-17 15:04:17.498 V/KOReader(10344): Found font: NotoSans-Regular.ttf in ./fonts/noto/NotoSans-Regular.ttf
08-17 15:04:17.499 V/KOReader(10344): ImageWidget: _render'ing resources/icons/mdlight/book.opened.svg 58 58
08-17 15:04:17.500 V/KOReader(10344): renderSVG resources/icons/mdlight/book.opened.svg 1.2083333333333 48 48 > 58 58 0 0
08-17 15:04:17.500 V/KOReader(10344): cache image|resources/icons/mdlight/book.opened.svg|58|58|flat
08-17 15:04:17.500 V/KOReader(10344): ImageWidget: initial offsets 0 0
08-17 15:04:17.502 V/KOReader(10344): Getting list of dictionaries
08-17 15:04:17.503 V/KOReader(10344): found 0 dictionaries
08-17 15:04:17.503 V/KOReader(10344): LuaData: data is read from /storage/emulated/0/koreader/settings/lookup_history.lua
08-17 15:04:17.504 V/KOReader(10344): LuaData: data is read from /storage/emulated/0/koreader/settings/wikipedia_history.lua
08-17 15:04:17.514 V/Surface (10344): surface changed {
08-17 15:04:17.514 V/Surface (10344):   width:  1264
08-17 15:04:17.514 V/Surface (10344):   height: 1680
08-17 15:04:17.514 V/Surface (10344):   format: OPAQUE
08-17 15:04:17.514 V/Surface (10344): }
08-17 15:04:17.514 V/NativeGlue(10344): NativeWindowResized: 0xb4000071fa07e930 -- 0xb4000072ba04f2b0
08-17 15:04:17.514 V/KOReader(10344): CreDocument: applied cr3.ini default settings.
08-17 15:04:17.515 V/KOReader(10344): CreDocument: set fallback font faces: Noto Sans CJK SC|Noto Naskh Arabic|Noto Sans Devanagari UI|Noto Sans Bengali UI|FreeSans|FreeSerif|Noto Serif|Noto Sans
08-17 15:04:17.515 V/KOReader(10344): CreDocument: set adjusted fallback font sizes true
08-17 15:04:17.515 V/KOReader(10344): CreDocument: set monospace font scaling 100
08-17 15:04:17.518 I/KOReader(10344): Looking for plugins in directory: plugins
08-17 15:04:17.518 I/KOReader(10344): Looking for plugins in directory: /storage/emulated/0/koreader/plugins/
08-17 15:04:17.526 I/KOReader(10344): package.loadlib: /data/app/~~8ZSGFcDZE6VxHdRVLEAGBg==/org.koreader.launcher-u0TmPxXEStABHvrp3a5BOg==/lib/arm64/libkoreader-monolibtic.so [ssl.core]
08-17 15:04:17.527 I/KOReader(10344): package.loadlib: /data/app/~~8ZSGFcDZE6VxHdRVLEAGBg==/org.koreader.launcher-u0TmPxXEStABHvrp3a5BOg==/lib/arm64/libkoreader-monolibtic.so [ssl.context]
08-17 15:04:17.527 I/KOReader(10344): package.loadlib: /data/app/~~8ZSGFcDZE6VxHdRVLEAGBg==/org.koreader.launcher-u0TmPxXEStABHvrp3a5BOg==/lib/arm64/libkoreader-monolibtic.so [ssl.x509]
08-17 15:04:17.528 I/KOReader(10344): package.loadlib: /data/app/~~8ZSGFcDZE6VxHdRVLEAGBg==/org.koreader.launcher-u0TmPxXEStABHvrp3a5BOg==/lib/arm64/libkoreader-monolibtic.so [ssl.config]
08-17 15:04:17.559 V/KOReader(10344): Plugin loaded hardcoverapp
08-17 15:04:17.560 I/KOReader(10344): package.loadlib: /data/app/~~8ZSGFcDZE6VxHdRVLEAGBg==/org.koreader.launcher-u0TmPxXEStABHvrp3a5BOg==/lib/arm64/libkoreader-monolibtic.so [rapidjson]
08-17 15:04:17.562 V/KOReader(10344): Plugin loaded iconschanger
08-17 15:04:17.570 V/KOReader(10344): Plugin loaded koinsight
08-17 15:04:17.580 I/KOReader(10344): Project: Title - Checking requirements in '/storage/emulated/0/koreader'
08-17 15:04:17.581 I/KOReader(10344): Project: Title - All tests passed, loading into KOReader ver 202508000000
08-17 15:04:17.584 V/KOReader(10344): Plugin loaded coverbrowser
08-17 15:04:17.587 V/KOReader(10344): Plugin loaded readest
08-17 15:04:17.589 I/KOReader(10344): package.loadlib: /data/app/~~8ZSGFcDZE6VxHdRVLEAGBg==/org.koreader.launcher-u0TmPxXEStABHvrp3a5BOg==/lib/arm64/libkoreader-monolibtic.so [ui/widget/numinput]
08-17 15:04:17.589 W/KOReader(10344): Error when loading /storage/emulated/0/koreader/plugins//referencepages.koplugin/main.lua ...ted/0/koreader/plugins//referencepages.koplugin/main.lua:2: module 'ui/widget/numinput' not found:
08-17 15:04:17.589 W/KOReader(10344): 	no field package.preload['ui/widget/numinput']
08-17 15:04:17.589 W/KOReader(10344): 	no file 'ui/widget/numinput.lua' (checked with asset loader)
08-17 15:04:17.589 W/KOReader(10344): 	no file '/storage/emulated/0/koreader/plugins//referencepages.koplugin/ui/widget/numinput.lua'
08-17 15:04:17.589 W/KOReader(10344): 	no file 'common/ui/widget/numinput.lua'
08-17 15:04:17.589 W/KOReader(10344): 	no file 'frontend/ui/widget/numinput.lua'
08-17 15:04:17.589 W/KOReader(10344): 	no file 'plugins/exporter.koplugin/ui/widget/numinput.lua'
08-17 15:04:17.589 W/KOReader(10344): 	no file 'ui/widget/numinput.lua'
08-17 15:04:17.589 W/KOReader(10344): 	no file '/data/user/0/org.koreader.launcher/files/ui/widget/numinput.lua'
08-17 15:04:17.589 W/KOReader(10344): 	no file '/storage/emulated/0/koreader/plugins//referencepages.koplugin/lib/ui/widget/numinput.so'
08-17 15:04:17.589 W/KOReader(10344): 	no file 'common/ui/widget/numinput.so'
08-17 15:04:17.589 W/KOReader(10344): 	no file 'common/ui/widget/numinput.dll'
08-17 15:04:17.589 W/KOReader(10344): 	no file '/usr/lib/lua/ui/widget/numinput.so'
08-17 15:04:17.589 W/KOReader(10344): 	no file './ui/widget/numinput.so'
08-17 15:04:17.589 W/KOReader(10344): 	no file '/usr/local/lib/lua/5.1/ui/widget/numinput.so'
08-17 15:04:17.589 W/KOReader(10344): 	no file '/usr/local/lib/lua/5.1/loadall.so'
08-17 15:04:17.591 V/KOReader(10344): Plugin loaded archiveviewer
08-17 15:04:17.592 V/KOReader(10344): Plugin loaded autodim
08-17 15:04:17.594 V/KOReader(10344): Plugin loaded autoturn
08-17 15:04:17.597 V/KOReader(10344): Plugin loaded autowarmth
08-17 15:04:17.600 V/KOReader(10344): Plugin loaded batterystat
08-17 15:04:17.602 V/KOReader(10344): Plugin loaded bookshortcuts
08-17 15:04:17.605 V/KOReader(10344): Plugin loaded calibre
08-17 15:04:17.607 V/KOReader(10344): Plugin loaded coverimage
08-17 15:04:17.607 V/KOReader(10344): Plugin loaded docsettingtweak
08-17 15:04:17.612 V/KOReader(10344): Plugin loaded exporter
08-17 15:04:17.615 V/KOReader(10344): Plugin loaded gestures
08-17 15:04:17.617 V/KOReader(10344): Plugin loaded httpinspector
08-17 15:04:17.622 V/KOReader(10344): japanese.koplugin deinflector: loaded inflection table with 36 rules and 569 variants
08-17 15:04:17.623 V/KOReader(10344): Plugin loaded japanese
08-17 15:04:17.624 V/KOReader(10344): Plugin loaded kosync
08-17 15:04:17.625 V/KOReader(10344): Plugin loaded movetoarchive
08-17 15:04:17.630 V/KOReader(10344): CacheSQLite: /storage/emulated/0/koreader/cache/newsdownloader.sqlite current size: 16384
08-17 15:04:17.631 V/KOReader(10344): Plugin loaded newsdownloader
08-17 15:04:17.643 V/KOReader(10344): Plugin loaded opds
08-17 15:04:17.643 V/KOReader(10344): Plugin loaded perceptionexpander
08-17 15:04:17.646 V/KOReader(10344): Plugin loaded profiles
08-17 15:04:17.647 V/KOReader(10344): Plugin loaded qrclipboard
08-17 15:04:17.648 V/KOReader(10344): Plugin loaded readtimer
08-17 15:04:17.654 V/KOReader(10344): Plugin loaded statistics
08-17 15:04:17.656 V/KOReader(10344): Plugin loaded systemstat
08-17 15:04:17.660 V/KOReader(10344): Plugin loaded terminal
08-17 15:04:17.661 V/KOReader(10344): Plugin loaded texteditor
08-17 15:04:17.697 V/KOReader(10344): Found font: NotoSans-Regular.ttf in ./fonts/noto/NotoSans-Regular.ttf
08-17 15:04:17.698 V/KOReader(10344): Found font: NotoSans-Italic.ttf in ./fonts/noto/NotoSans-Italic.ttf
08-17 15:04:17.699 V/KOReader(10344): Plugin loaded vocabbuilder
08-17 15:04:17.703 V/KOReader(10344): Plugin loaded wallabag
08-17 15:04:17.706 V/KOReader(10344): RD loaded plugin hardcoverapp at /storage/emulated/0/koreader/plugins//hardcoverapp.koplugin
08-17 15:04:17.708 V/KOReader(10344): RD loaded plugin iconschanger at /storage/emulated/0/koreader/plugins//iconschanger.koplugin
08-17 15:04:17.709 V/KOReader(10344): RD loaded plugin koinsight at /storage/emulated/0/koreader/plugins//koinsight.koplugin
08-17 15:04:17.763 V/KOReader(10344): Project: Title - Setting FileManager display mode to: mosaic_image
08-17 15:04:17.775 V/KOReader(10344): Project: Title - Setting display mode: history mosaic_image
08-17 15:04:17.775 V/KOReader(10344): Project: Title - Setting display mode: collections list_image_meta
08-17 15:04:17.775 I/KOReader(10344): Project: Title - Home directory is set to:  /storage/emulated/0/ePubs
08-17 15:04:17.788 V/KOReader(10344): userpatch applied to plugin coverbrowser
08-17 15:04:17.788 V/KOReader(10344): userpatch applied to plugin coverbrowser
08-17 15:04:17.788 V/KOReader(10344): RD loaded plugin coverbrowser at /storage/emulated/0/koreader/plugins//projecttitle.koplugin
08-17 15:04:17.788 V/KOReader(10344): RD loaded plugin readest at /storage/emulated/0/koreader/plugins//readest.koplugin
08-17 15:04:17.788 V/KOReader(10344): RD loaded plugin archiveviewer at plugins/archiveviewer.koplugin
08-17 15:04:17.788 V/KOReader(10344): RD loaded plugin autodim at plugins/autodim.koplugin
08-17 15:04:17.788 V/KOReader(10344): RD loaded plugin autoturn at plugins/autoturn.koplugin
08-17 15:04:17.789 V/KOReader(10344): AutoWarmth: scheduleMidnightUpdate
08-17 15:04:17.790 V/KOReader(10344): RD loaded plugin autowarmth at plugins/autowarmth.koplugin
08-17 15:04:17.790 V/KOReader(10344): RD loaded plugin batterystat at plugins/batterystat.koplugin
08-17 15:04:17.790 V/KOReader(10344): RD loaded plugin bookshortcuts at plugins/bookshortcuts.koplugin
08-17 15:04:17.790 V/KOReader(10344): RD loaded plugin calibre at plugins/calibre.koplugin
08-17 15:04:17.791 V/KOReader(10344): RD loaded plugin coverimage at plugins/coverimage.koplugin
08-17 15:04:17.791 V/KOReader(10344): RD loaded plugin docsettingtweak at plugins/docsettingtweak.koplugin
08-17 15:04:17.792 V/KOReader(10344): RD loaded plugin exporter at plugins/exporter.koplugin
08-17 15:04:17.831 V/KOReader(10344): RD loaded plugin gestures at plugins/gestures.koplugin
08-17 15:04:17.831 V/KOReader(10344): RD loaded plugin httpinspector at plugins/httpinspector.koplugin
08-17 15:04:17.831 V/KOReader(10344): language support: registering japanese plugin
08-17 15:04:17.831 V/KOReader(10344): RD loaded plugin japanese at plugins/japanese.koplugin
08-17 15:04:17.831 V/KOReader(10344): RD loaded plugin kosync at plugins/kosync.koplugin
08-17 15:04:17.832 V/KOReader(10344): RD loaded plugin movetoarchive at plugins/movetoarchive.koplugin
08-17 15:04:17.832 V/KOReader(10344): RD loaded plugin newsdownloader at plugins/newsdownloader.koplugin
08-17 15:04:17.832 V/KOReader(10344): RD loaded plugin opds at plugins/opds.koplugin
08-17 15:04:17.833 V/KOReader(10344): RD loaded plugin perceptionexpander at plugins/perceptionexpander.koplugin
08-17 15:04:17.834 V/KOReader(10344): RD loaded plugin profiles at plugins/profiles.koplugin
08-17 15:04:17.834 V/KOReader(10344): RD loaded plugin qrclipboard at plugins/qrclipboard.koplugin
08-17 15:04:17.834 V/KOReader(10344): RD loaded plugin readtimer at plugins/readtimer.koplugin
08-17 15:04:17.856 V/KOReader(10344): RD loaded plugin statistics at plugins/statistics.koplugin
08-17 15:04:17.856 V/KOReader(10344): RD loaded plugin systemstat at plugins/systemstat.koplugin
08-17 15:04:17.857 V/KOReader(10344): Terminal: default shell is sh
08-17 15:04:17.857 V/KOReader(10344): RD loaded plugin terminal at plugins/terminal.koplugin
08-17 15:04:17.857 V/KOReader(10344): RD loaded plugin texteditor at plugins/texteditor.koplugin
08-17 15:04:17.857 V/KOReader(10344): RD loaded plugin vocabbuilder at plugins/vocabbuilder.koplugin
08-17 15:04:17.859 V/KOReader(10344): RD loaded plugin wallabag at plugins/wallabag.koplugin
08-17 15:04:17.863 V/KOReader(10344): CreDocument: set view mode page
08-17 15:04:17.863 V/KOReader(10344): CreDocument: set page info 
08-17 15:04:17.864 V/KOReader(10344): CreDocument: set status line property 1
08-17 15:04:17.865 V/KOReader(10344): made tweak css:
08-17 15:04:17.865 V/KOReader(10344): *[type~="note"],
08-17 15:04:17.865 V/KOReader(10344): *[type~="endnote"],
08-17 15:04:17.865 V/KOReader(10344): *[type~="footnote"],
08-17 15:04:17.865 V/KOReader(10344): *[type~="rearnote"],
08-17 15:04:17.865 V/KOReader(10344): *[role~="doc-note"],
08-17 15:04:17.865 V/KOReader(10344): *[role~="doc-endnote"],
08-17 15:04:17.865 V/KOReader(10344): *[role~="doc-footnote"],
08-17 15:04:17.865 V/KOReader(10344): *[role~="doc-rearnote"]
08-17 15:04:17.865 V/KOReader(10344): {
08-17 15:04:17.865 V/KOReader(10344):     -cr-only-if: -fb2-document;
08-17 15:04:17.865 V/KOReader(10344):         -cr-hint: footnote-inpage;
08-17 15:04:17.865 V/KOReader(10344):         margin: 0 !important;
08-17 15:04:17.865 V/KOReader(10344): }
08-17 15:04:17.865 V/KOReader(10344): body[name="notes"] section {
08-17 15:04:17.865 V/KOReader(10344):     -cr-only-if: fb2-document;
08-17 15:04:17.865 V/KOReader(10344):         -cr-hint: footnote-inpage;
08-17 15:04:17.865 V/KOReader(10344):         margin: 0 !important;
08-17 15:04:17.865 V/KOReader(10344): }
08-17 15:04:17.865 V/KOReader(10344): body[name="notes"] > section {
08-17 15:04:17.865 V/KOReader(10344):     -cr-only-if: fb2-document;
08-17 15:04:17.865 V/KOReader(10344):         font-size: 0.75rem;
08-17 15:04:17.865 V/KOReader(10344): }
08-17 15:04:17.865 V/KOReader(10344): body[name="notes"] > title {
08-17 15:04:17.865 V/KOReader(10344):     -cr-only-if: fb2-document;
08-17 15:04:17.865 V/KOReader(10344):         margin-bottom: 0;
08-17 15:04:17.865 V/KOReader(10344):         padding-bottom: 0.5em;
08-17 15:04:17.865 V/KOReader(10344): }
08-17 15:04:17.865 V/KOReader(10344): *, autoBoxing {
08-17 15:04:17.865 V/KOReader(10344):     -cr-hint: late;
08-17 15:04:17.865 V/KOReader(10344):     -cr-only-if: -fb2-document inpage-footnote;
08-17 15:04:17.865 V/KOReader(10344):         font-size: 0.8rem !important;
08-17 15:04:17.865 V/KOReader(10344): }[END]
08-17 15:04:17.866 V/KOReader(10344): CreDocument: set style sheet: ./data/epub.css and appended content (735 bytes)
08-17 15:04:17.868 V/KOReader(10344): CreDocument: set embedded fonts 1
08-17 15:04:17.868 V/KOReader(10344): CreDocument: set embedded style sheet 1
08-17 15:04:17.868 V/KOReader(10344): CreDocument: set block rendering flags 0x7fffffff
08-17 15:04:17.869 V/KOReader(10344): CreDocument: set render dpi 96
08-17 15:04:17.869 V/KOReader(10344): CreDocument: set page margins 28 91 28 77
08-17 15:04:17.869 V/KOReader(10344): CreDocument: set txt preformatted 1
08-17 15:04:17.870 V/KOReader(10344): CreDocument: set smooth scaling false
08-17 15:04:17.870 V/KOReader(10344): CreDocument: set nightmode images true
08-17 15:04:17.870 V/KOReader(10344): CreDocument: set font face Noto Serif
08-17 15:04:17.870 V/KOReader(10344): CreDocument: set header font Noto Sans
08-17 15:04:17.870 V/KOReader(10344): CreDocument: set font size 40
08-17 15:04:17.871 V/KOReader(10344): CreDocument: set font base weight 0 = 400
08-17 15:04:17.871 V/KOReader(10344): CreDocument: set font hinting mode 2
08-17 15:04:17.871 V/KOReader(10344): CreDocument: set font kerning mode 3
08-17 15:04:17.871 V/KOReader(10344): CreDocument: set space width scale 95
08-17 15:04:17.871 V/KOReader(10344): CreDocument: set space condensing 75
08-17 15:04:17.871 V/KOReader(10344): CreDocument: set word expansion 0
08-17 15:04:17.871 V/KOReader(10344): CreDocument: set cjk width scaling 100
08-17 15:04:17.871 V/KOReader(10344): CreDocument: set interline space 100
08-17 15:04:17.871 V/KOReader(10344): CreDocument: set gamma index 15
08-17 15:04:17.871 V/KOReader(10344): CreDocument: set font-family font faces: ||||||FreeSerif||
08-17 15:04:17.872 V/KOReader(10344): building font face menu table
08-17 15:04:17.873 V/KOReader(10344): CreDocument: set textlang embedded langs true
08-17 15:04:17.873 V/KOReader(10344): CreDocument: set textlang hyphenation enabled true
08-17 15:04:17.873 V/KOReader(10344): CreDocument: set hyphenation trust soft hyphens 0
08-17 15:04:17.873 V/KOReader(10344): CreDocument: set textlang hyphenation soft hyphens only false
08-17 15:04:17.873 V/KOReader(10344): CreDocument: set textlang hyphenation force algorithmic false
08-17 15:04:17.874 V/KOReader(10344): CreDocument: set hyphenation left hyphen min 0
08-17 15:04:17.874 V/KOReader(10344): CreDocument: set hyphenation right hyphen min 0
08-17 15:04:17.874 V/KOReader(10344): CreDocument: set floating punctuation 0
08-17 15:04:17.875 V/KOReader(10344): Typography lang: using sv from doc settings
08-17 15:04:17.876 V/KOReader(10344): CreDocument: set textlang main lang sv
08-17 15:04:17.876 V/KOReader(10344): UserHyph: reset user hyphenation dict
08-17 15:04:17.878 V/KOReader(10344): CreDocument: requesting DOM version: 20240114
08-17 15:04:17.878 V/KOReader(10344): CreDocument: set visible page count 1
08-17 15:04:17.879 V/KOReader(10344): CreDocument: loading document...
08-17 15:04:18.012 V/KOReader(10344): CreDocument: loading done.
08-17 15:04:18.012 V/KOReader(10344):   loading took 0.133 seconds
08-17 15:04:18.013 V/KOReader(10344): Typography lang: not overriding sv with doc language: sv
08-17 15:04:18.014 V/KOReader(10344): CreDocument: rendering document...
08-17 15:04:18.019 V/KOReader(10344): CreDocument: rendering done.
08-17 15:04:18.019 V/KOReader(10344):   rendering took 0.005 seconds
08-17 15:04:18.030 V/KOReader(10344): CreDocument: set alt document prop authors Dag Solstad
08-17 15:04:18.030 V/KOReader(10344): CreDocument: set alt document prop title Elfte romanen, artonde boken och 17:e romanen
08-17 15:04:18.044 V/KOReader(10344): CreDocument: goto page 50 flow 0
08-17 15:04:18.045 V/KOReader(10344): _refresh: Enqueued partial update for region 0 0 1264 1680 dithering: false
08-17 15:04:18.045 V/KOReader(10344): setDirty partial from widget ReaderUI w/ NO region; dithering: nil
08-17 15:04:18.046 V/KOReader(10344): CreDocument: set page info 
08-17 15:04:18.047 V/KOReader(10344): CreDocument: goto xpointer /body/DocFragment[7]/body/div[1]/p[7]/st[5]/text().85
08-17 15:04:18.049 V/KOReader(10344): CoverImage: onReaderReady
08-17 15:04:18.111 V/KOReader(10344): _refresh: Enqueued partial update for region 0 0 1264 1680 dithering: false
08-17 15:04:18.111 V/KOReader(10344): setDirty partial from widget ReaderUI w/ NO region; dithering: nil
08-17 15:04:18.111 V/KOReader(10344): CreDocument: set bookmarks highlight and internal history false
08-17 15:04:18.112 V/KOReader(10344): _refresh: Enqueued partial update for region 0 0 1264 1680 dithering: false
08-17 15:04:18.112 V/KOReader(10344): setDirty partial from widget ReaderUI w/ NO region; dithering: nil
08-17 15:04:18.120 V/KOReader(10344): CreDocument: set page info 
08-17 15:04:18.120 V/KOReader(10344): ReaderStatistics: No timestamp for previous page 0
08-17 15:04:18.121 V/KOReader(10344): android.setIgnoreInput false
08-17 15:04:18.122 V/KOReader(10344): Spinning up new ReaderUI instance table: 0x711c0ad6d0
08-17 15:04:18.122 V/KOReader(10344): show widget: ReaderUI
08-17 15:04:18.122 V/KOReader(10344): update_mode: Update refresh mode partial to full
08-17 15:04:18.122 V/KOReader(10344): _refresh: Enqueued full update for region 0 0 1264 1680 dithering: false
08-17 15:04:18.122 V/KOReader(10344): setDirty full from widget ReaderUI w/ NO region; dithering: nil
08-17 15:04:18.123 V/KOReader(10344): painting widget: ReaderUI
08-17 15:04:18.123 V/KOReader(10344): readerview painting "1264x1680+0+0" to 0 0
08-17 15:04:18.123 V/KOReader(10344): CreDocument: goto page 50 flow 0
08-17 15:04:18.145 V/Surface (10344): surface changed {
08-17 15:04:18.145 V/Surface (10344):   width:  1264
08-17 15:04:18.145 V/Surface (10344):   height: 1680
08-17 15:04:18.145 V/Surface (10344):   format: OPAQUE
08-17 15:04:18.145 V/Surface (10344): }
08-17 15:04:18.146 V/NativeGlue(10344): NativeWindowResized: 0xb4000071fa07e930 -- 0xb4000072ba04f2b0
08-17 15:04:18.149 V/KOReader(10344): ImageWidget: _render'ing resources/icons/mdlight/dogear.alpha.svg 32 32
08-17 15:04:18.150 V/KOReader(10344): renderSVG resources/icons/mdlight/dogear.alpha.svg 0.66666666666667 48 48 > 32 32 0 0
08-17 15:04:18.150 V/KOReader(10344): cache image|resources/icons/mdlight/dogear.alpha.svg|32|32|alpha
08-17 15:04:18.150 V/KOReader(10344): ImageWidget: initial offsets 0 0
08-17 15:04:18.150 V/KOReader(10344): blitFrom 1232 0 0 0 32 32
08-17 15:04:18.152 V/KOReader(10344): Found font: NotoSansCJKsc-Regular.otf in ./fonts/noto/NotoSansCJKsc-Regular.otf
08-17 15:04:18.165 V/KOReader(10344): Found font: NotoSansArabicUI-Regular.ttf in ./fonts/noto/NotoSansArabicUI-Regular.ttf
08-17 15:04:18.169 V/KOReader(10344): _refresh: Enqueued full update for region 0 0 1264 1680 dithering: false
08-17 15:04:18.169 V/KOReader(10344): triggering refresh {
08-17 15:04:18.169 V/KOReader(10344):   mode = "full",
08-17 15:04:18.169 V/KOReader(10344):   region = "1264x1680+0+0"
08-17 15:04:18.169 V/KOReader(10344): } --[[table: 0x71102657a8]]
08-17 15:04:18.184 I/KOReader(10344): package.loadlib: /data/app/~~8ZSGFcDZE6VxHdRVLEAGBg==/org.koreader.launcher-u0TmPxXEStABHvrp3a5BOg==/lib/arm64/libkoreader-monolibtic.so [http.version]
08-17 15:04:19.929 V/KOReader(10344): ReadestSync: Applying book config: {
08-17 15:04:19.929 V/KOReader(10344):   book_hash = "aa94ea27e34a0a08bbb5a386c552b70d",
08-17 15:04:19.929 V/KOReader(10344):   created_at = "2025-08-13T18:25:23.981637+00:00",
08-17 15:04:19.929 V/KOReader(10344):   progress = "[50,317]",
08-17 15:04:19.929 V/KOReader(10344):   updated_at = "2025-08-17T13:03:48+00:00",
08-17 15:04:19.929 V/KOReader(10344):   user_id = "68318a32-843d-46a7-9801-fa31a21258cc",
08-17 15:04:19.929 V/KOReader(10344):   xpointer = "/body/DocFragment[7]/body/div[1]/p[7]/st[5]/text().85"
08-17 15:04:19.929 V/KOReader(10344): } --[[table: 0x710ea1ca78]]
08-17 15:04:20.249 V/KOReader(10344): KOSync: [Pull] progress for /storage/emulated/0/epubs/fiktion/dag solstad - elfte romanen, artonde boken och 17_e romanen.epub
08-17 15:04:20.253 V/KOReader(10344): KOSync: ok: true body: {
08-17 15:04:20.253 V/KOReader(10344):   device = "gocolor7",
08-17 15:04:20.253 V/KOReader(10344):   device_id = "AB01FB37FCF54B449E320511A5840E46",
08-17 15:04:20.253 V/KOReader(10344):   document = "aa94ea27e34a0a08bbb5a386c552b70d",
08-17 15:04:20.253 V/KOReader(10344):   percentage = 0.15770000000000001,
08-17 15:04:20.253 V/KOReader(10344):   progress = "/body/DocFragment[7]/body/div[1]/p[7]/st[5]/text().85",
08-17 15:04:20.253 V/KOReader(10344):   timestamp = 1755435817
08-17 15:04:20.253 V/KOReader(10344): } --[[table: 0x70b29839b8]]
08-17 15:04:20.254 V/KOReader(10344): input event => type: 4 (EV_MSC), code: 3 (MSC_RAW), value: 1, time: 119680.920087
08-17 15:04:20.254 V/KOReader(10344): Android application event 3
08-17 15:04:20.254 V/KOReader(10344): input event => type: 4 (EV_MSC), code: 3 (MSC_RAW), value: 1, time: 119680.920122
08-17 15:04:20.254 V/KOReader(10344): Android application event 3
08-17 15:04:20.254 I/KOReader(10344): Restoring user input handling
08-17 15:04:20.254 V/KOReader(10344): UIManager:preventStandby, counter increased to 1
08-17 15:04:20.258 V/KOReader(10344): show widget: table: 0x70b5d77a88
08-17 15:04:20.258 V/KOReader(10344): setDirty nil from widget table: 0x70b5d77a88 w/ NO region; dithering: nil
08-17 15:04:20.269 V/KOReader(10344): UIManager:_standbyTransition -> PreventStandby
08-17 15:04:20.271 V/KOReader(10344): input event => type: 3 (EV_ABS), code: 47 (ABS_MT_SLOT), value: 0, time: 119679.701564
08-17 15:04:20.271 V/KOReader(10344): input event => type: 3 (EV_ABS), code: 57 (ABS_MT_TRACKING_ID), value: 0, time: 119679.701564
08-17 15:04:20.271 V/KOReader(10344): input event => type: 3 (EV_ABS), code: 53 (ABS_MT_POSITION_X), value: 634.49798583984, time: 119679.701564
08-17 15:04:20.271 V/KOReader(10344): input event => type: 3 (EV_ABS), code: 54 (ABS_MT_POSITION_Y), value: 80.951820373535, time: 119679.701564
08-17 15:04:20.271 V/KOReader(10344): input event => type: 0 (EV_SYN), code: 0 (SYN_REPORT), value: 0, time: 119679.701564
08-17 15:04:20.271 V/KOReader(10344): GestureDetector:probeClockSource: Touch event timestamps appear to use CLOCK_MONOTONIC
08-17 15:04:20.271 V/KOReader(10344): slot 0 in tap state...
08-17 15:04:20.271 V/KOReader(10344): set up hold timer
08-17 15:04:20.271 V/KOReader(10344): input event => type: 3 (EV_ABS), code: 47 (ABS_MT_SLOT), value: 0, time: 119679.810290
08-17 15:04:20.271 V/KOReader(10344): input event => type: 3 (EV_ABS), code: 57 (ABS_MT_TRACKING_ID), value: -1, time: 119679.810290
08-17 15:04:20.271 V/KOReader(10344): input event => type: 3 (EV_ABS), code: 53 (ABS_MT_POSITION_X), value: 634.49798583984, time: 119679.810290
08-17 15:04:20.271 V/KOReader(10344): input event => type: 3 (EV_ABS), code: 54 (ABS_MT_POSITION_Y), value: 80.951820373535, time: 119679.810290
08-17 15:04:20.271 V/KOReader(10344): input event => type: 0 (EV_SYN), code: 0 (SYN_REPORT), value: 0, time: 119679.810290
08-17 15:04:20.271 V/KOReader(10344): slot 0 in tap state...
08-17 15:04:20.271 V/KOReader(10344): Contact:handleDoubleTap: single tap detected @ 634.49798583984 80.951820373535
08-17 15:04:20.271 V/KOReader(10344): AutoTurn: onInputEvent
08-17 15:04:20.272 V/KOReader(10344): close widget: table: 0x70b5d77a88
08-17 15:04:20.272 V/KOReader(10344): Lower widget ReaderUI covers the full screen
08-17 15:04:20.272 V/KOReader(10344): UIManager:allowStandby, counter decreased to 0
08-17 15:04:20.272 V/KOReader(10344): close widget: table: 0x70b5d77a88
08-17 15:04:20.272 V/KOReader(10344): Lower widget ReaderUI covers the full screen
08-17 15:04:20.273 V/KOReader(10344): ReaderLink:getLinkFromPosition @ 634.49798583984 80.951820373535 from a_xpointer: nil to link_xpointer: 
08-17 15:04:20.275 V/KOReader(10344): ImageWidget: _render'ing resources/icons/mdlight/appbar.rotation.svg 73 73
08-17 15:04:20.276 V/KOReader(10344): renderSVG resources/icons/mdlight/appbar.rotation.svg 1.5208333333333 48 48 > 73 73 0 0
08-17 15:04:20.276 V/KOReader(10344): cache image|resources/icons/mdlight/appbar.rotation.svg|73|73|flat
08-17 15:04:20.276 V/KOReader(10344): ImageWidget: initial offsets 0 0
08-17 15:04:20.277 V/KOReader(10344): ImageWidget: _render'ing resources/icons/mdlight/appbar.crop.svg 73 73
08-17 15:04:20.277 V/KOReader(10344): renderSVG resources/icons/mdlight/appbar.crop.svg 1.5208333333333 48 48 > 73 73 0 0
08-17 15:04:20.277 V/KOReader(10344): cache image|resources/icons/mdlight/appbar.crop.svg|73|73|flat
08-17 15:04:20.277 V/KOReader(10344): ImageWidget: initial offsets 0 0
08-17 15:04:20.277 V/KOReader(10344): ImageWidget: _render'ing resources/icons/mdlight/appbar.pageview.svg 73 73
08-17 15:04:20.278 V/KOReader(10344): renderSVG resources/icons/mdlight/appbar.pageview.svg 1.5208333333333 48 48 > 73 73 0 0
08-17 15:04:20.278 V/KOReader(10344): cache image|resources/icons/mdlight/appbar.pageview.svg|73|73|flat
08-17 15:04:20.278 V/KOReader(10344): ImageWidget: initial offsets 0 0
08-17 15:04:20.278 V/KOReader(10344): ImageWidget: _render'ing resources/icons/mdlight/appbar.textsize.svg 73 73
08-17 15:04:20.278 V/KOReader(10344): renderSVG resources/icons/mdlight/appbar.textsize.svg 1.5208333333333 48 48 > 73 73 0 0
08-17 15:04:20.279 V/KOReader(10344): cache image|resources/icons/mdlight/appbar.textsize.svg|73|73|flat
08-17 15:04:20.279 V/KOReader(10344): ImageWidget: initial offsets 0 0
08-17 15:04:20.279 V/KOReader(10344): ImageWidget: _render'ing resources/icons/mdlight/appbar.contrast.svg 73 73
08-17 15:04:20.280 V/KOReader(10344): renderSVG resources/icons/mdlight/appbar.contrast.svg 1.5208333333333 48 48 > 73 73 0 0
08-17 15:04:20.280 V/KOReader(10344): cache image|resources/icons/mdlight/appbar.contrast.svg|73|73|flat
08-17 15:04:20.280 V/KOReader(10344): ImageWidget: initial offsets 0 0
08-17 15:04:20.281 V/KOReader(10344): ImageWidget: _render'ing resources/icons/mdlight/appbar.settings.svg 73 73
08-17 15:04:20.281 V/KOReader(10344): renderSVG resources/icons/mdlight/appbar.settings.svg 1.5208333333333 48 48 > 73 73 0 0
08-17 15:04:20.282 V/KOReader(10344): cache image|resources/icons/mdlight/appbar.settings.svg|73|73|flat
08-17 15:04:20.282 V/KOReader(10344): ImageWidget: initial offsets 0 0
08-17 15:04:20.286 V/KOReader(10344): ImageWidget: _render'ing resources/icons/mdlight/rotation.P.90CCW.svg 73 73
08-17 15:04:20.286 V/KOReader(10344): renderSVG resources/icons/mdlight/rotation.P.90CCW.svg 1.5208333333333 48 48 > 73 73 0 0
08-17 15:04:20.287 V/KOReader(10344): cache image|resources/icons/mdlight/rotation.P.90CCW.svg|73|73|flat
08-17 15:04:20.287 V/KOReader(10344): ImageWidget: initial offsets 0 0
08-17 15:04:20.287 V/KOReader(10344): ImageWidget: _render'ing resources/icons/mdlight/rotation.P.0UR.svg 73 73
08-17 15:04:20.288 V/KOReader(10344): renderSVG resources/icons/mdlight/rotation.P.0UR.svg 1.5208333333333 48 48 > 73 73 0 0
08-17 15:04:20.288 V/KOReader(10344): cache image|resources/icons/mdlight/rotation.P.0UR.svg|73|73|flat
08-17 15:04:20.288 V/KOReader(10344): ImageWidget: initial offsets 0 0
08-17 15:04:20.289 V/KOReader(10344): ImageWidget: _render'ing resources/icons/mdlight/rotation.P.90CW.svg 73 73
08-17 15:04:20.289 V/KOReader(10344): renderSVG resources/icons/mdlight/rotation.P.90CW.svg 1.5208333333333 48 48 > 73 73 0 0
08-17 15:04:20.289 V/KOReader(10344): cache image|resources/icons/mdlight/rotation.P.90CW.svg|73|73|flat
08-17 15:04:20.289 V/KOReader(10344): ImageWidget: initial offsets 0 0
08-17 15:04:20.290 V/KOReader(10344): ImageWidget: _render'ing resources/icons/mdlight/rotation.P.180UD.svg 73 73
08-17 15:04:20.290 V/KOReader(10344): renderSVG resources/icons/mdlight/rotation.P.180UD.svg 1.5208333333333 48 48 > 73 73 0 0
08-17 15:04:20.290 V/KOReader(10344): cache image|resources/icons/mdlight/rotation.P.180UD.svg|73|73|flat
08-17 15:04:20.291 V/KOReader(10344): ImageWidget: initial offsets 0 0
08-17 15:04:20.292 V/KOReader(10344): Found font: NotoSans-Regular.ttf in ./fonts/noto/NotoSans-Regular.ttf
08-17 15:04:20.293 V/KOReader(10344): FocusManager: Move focus position to: 1 , 3
08-17 15:04:20.293 V/KOReader(10344): FocusManager: Move focus position to: 1 , 1
08-17 15:04:20.294 V/KOReader(10344): ImageWidget: _render'ing resources/icons/mdlight/appbar.rotation.svg 73 73
08-17 15:04:20.294 V/KOReader(10344): ImageWidget: initial offsets 0 0
08-17 15:04:20.294 V/KOReader(10344): ImageWidget: _render'ing resources/icons/mdlight/appbar.crop.svg 73 73
08-17 15:04:20.295 V/KOReader(10344): ImageWidget: initial offsets 0 0
08-17 15:04:20.295 V/KOReader(10344): ImageWidget: _render'ing resources/icons/mdlight/appbar.pageview.svg 73 73
08-17 15:04:20.295 V/KOReader(10344): ImageWidget: initial offsets 0 0
08-17 15:04:20.295 V/KOReader(10344): ImageWidget: _render'ing resources/icons/mdlight/appbar.textsize.svg 73 73
08-17 15:04:20.295 V/KOReader(10344): ImageWidget: initial offsets 0 0
08-17 15:04:20.295 V/KOReader(10344): ImageWidget: _render'ing resources/icons/mdlight/appbar.contrast.svg 73 73
08-17 15:04:20.295 V/KOReader(10344): ImageWidget: initial offsets 0 0
08-17 15:04:20.295 V/KOReader(10344): ImageWidget: _render'ing resources/icons/mdlight/appbar.settings.svg 73 73
08-17 15:04:20.295 V/KOReader(10344): ImageWidget: initial offsets 0 0
08-17 15:04:20.299 V/KOReader(10344): FocusManager: Move focus position to: 6 , 5
08-17 15:04:20.299 V/KOReader(10344): setDirty via a func from widget ConfigDialog
08-17 15:04:20.299 V/KOReader(10344): show widget: ConfigDialog
08-17 15:04:20.299 V/KOReader(10344): setDirty nil from widget ConfigDialog w/ NO region; dithering: nil
08-17 15:04:20.335 V/KOReader(10344): ImageWidget: _render'ing resources/icons/mdlight/appbar.navigation.svg 73 73
08-17 15:04:20.335 V/KOReader(10344): renderSVG resources/icons/mdlight/appbar.navigation.svg 1.5208333333333 48 48 > 73 73 0 0
08-17 15:04:20.336 V/KOReader(10344): cache image|resources/icons/mdlight/appbar.navigation.svg|73|73|flat
08-17 15:04:20.336 V/KOReader(10344): ImageWidget: initial offsets 0 0
08-17 15:04:20.336 V/KOReader(10344): ImageWidget: _render'ing resources/icons/mdlight/appbar.typeset.svg 73 73
08-17 15:04:20.337 V/KOReader(10344): renderSVG resources/icons/mdlight/appbar.typeset.svg 1.5208333333333 48 48 > 73 73 0 0
08-17 15:04:20.337 V/KOReader(10344): cache image|resources/icons/mdlight/appbar.typeset.svg|73|73|flat
08-17 15:04:20.337 V/KOReader(10344): ImageWidget: initial offsets 0 0
08-17 15:04:20.337 V/KOReader(10344): ImageWidget: _render'ing resources/icons/mdlight/appbar.settings.svg 73 73
08-17 15:04:20.338 V/KOReader(10344): ImageWidget: initial offsets 0 0
08-17 15:04:20.339 V/KOReader(10344): ImageWidget: _render'ing resources/icons/mdlight/appbar.tools.svg 73 73
08-17 15:04:20.340 V/KOReader(10344): renderSVG resources/icons/mdlight/appbar.tools.svg 1.5208333333333 48 48 > 73 73 0 0
08-17 15:04:20.340 V/KOReader(10344): cache image|resources/icons/mdlight/appbar.tools.svg|73|73|flat
08-17 15:04:20.340 V/KOReader(10344): ImageWidget: initial offsets 0 0
08-17 15:04:20.341 V/KOReader(10344): ImageWidget: _render'ing resources/icons/mdlight/appbar.search.svg 73 73
08-17 15:04:20.341 V/KOReader(10344): renderSVG resources/icons/mdlight/appbar.search.svg 1.5208333333333 48 48 > 73 73 0 0
08-17 15:04:20.342 V/KOReader(10344): cache image|resources/icons/mdlight/appbar.search.svg|73|73|flat
08-17 15:04:20.342 V/KOReader(10344): ImageWidget: initial offsets 0 0
08-17 15:04:20.342 V/KOReader(10344): ImageWidget: _render'ing resources/icons/mdlight/appbar.filebrowser.svg 73 73
08-17 15:04:20.343 V/KOReader(10344): renderSVG resources/icons/mdlight/appbar.filebrowser.svg 1.5208333333333 48 48 > 73 73 0 0
08-17 15:04:20.343 V/KOReader(10344): cache image|resources/icons/mdlight/appbar.filebrowser.svg|73|73|flat
08-17 15:04:20.343 V/KOReader(10344): ImageWidget: initial offsets 0 0
08-17 15:04:20.344 V/KOReader(10344): ImageWidget: _render'ing resources/icons/mdlight/appbar.menu.svg 73 73
08-17 15:04:20.345 V/KOReader(10344): renderSVG resources/icons/mdlight/appbar.menu.svg 1.5208333333333 48 48 > 73 73 0 0
08-17 15:04:20.345 V/KOReader(10344): cache image|resources/icons/mdlight/appbar.menu.svg|73|73|flat
08-17 15:04:20.345 V/KOReader(10344): ImageWidget: initial offsets 0 0
08-17 15:04:20.345 V/KOReader(10344): ImageWidget: _render'ing resources/icons/mdlight/chevron.left.svg 73 73
08-17 15:04:20.346 V/KOReader(10344): renderSVG resources/icons/mdlight/chevron.left.svg 1.5208333333333 48 48 > 73 73 0 0
08-17 15:04:20.346 V/KOReader(10344): cache image|resources/icons/mdlight/chevron.left.svg|73|73|flat
08-17 15:04:20.346 V/KOReader(10344): ImageWidget: initial offsets 0 0
08-17 15:04:20.346 V/KOReader(10344): ImageWidget: _render'ing resources/icons/mdlight/chevron.right.svg 73 73
08-17 15:04:20.346 V/KOReader(10344): renderSVG resources/icons/mdlight/chevron.right.svg 1.5208333333333 48 48 > 73 73 0 0
08-17 15:04:20.347 V/KOReader(10344): cache image|resources/icons/mdlight/chevron.right.svg|73|73|flat
08-17 15:04:20.347 V/KOReader(10344): ImageWidget: initial offsets 0 0
08-17 15:04:20.349 V/KOReader(10344): ImageWidget: _render'ing resources/icons/mdlight/chevron.up.svg 73 73
08-17 15:04:20.349 V/KOReader(10344): renderSVG resources/icons/mdlight/chevron.up.svg 1.5208333333333 48 48 > 73 73 0 0
08-17 15:04:20.349 V/KOReader(10344): cache image|resources/icons/mdlight/chevron.up.svg|73|73|flat
08-17 15:04:20.349 V/KOReader(10344): ImageWidget: initial offsets 0 0
08-17 15:04:20.350 V/KOReader(10344): Found font: NotoSansCJKsc-Regular.otf in ./fonts/noto/NotoSansCJKsc-Regular.otf
08-17 15:04:20.353 V/KOReader(10344): Found font: NotoSansArabicUI-Regular.ttf in ./fonts/noto/NotoSansArabicUI-Regular.ttf
08-17 15:04:20.353 V/KOReader(10344): Found font: NotoSansDevanagariUI-Regular.ttf in ./fonts/noto/NotoSansDevanagariUI-Regular.ttf
08-17 15:04:20.354 V/KOReader(10344): Found font: NotoSansBengaliUI-Regular.ttf in ./fonts/noto/NotoSansBengaliUI-Regular.ttf
08-17 15:04:20.358 V/KOReader(10344): Found font: NotoSansCJKsc-Regular.otf in ./fonts/noto/NotoSansCJKsc-Regular.otf
08-17 15:04:20.359 V/KOReader(10344): Found font: NotoSansArabicUI-Regular.ttf in ./fonts/noto/NotoSansArabicUI-Regular.ttf
08-17 15:04:20.360 V/KOReader(10344): Found font: NotoSansDevanagariUI-Regular.ttf in ./fonts/noto/NotoSansDevanagariUI-Regular.ttf
08-17 15:04:20.360 V/KOReader(10344): Found font: NotoSansBengaliUI-Regular.ttf in ./fonts/noto/NotoSansBengaliUI-Regular.ttf
08-17 15:04:20.364 V/KOReader(10344): FocusManager: Move focus position to: 7 , 1
08-17 15:04:20.364 V/KOReader(10344): setDirty via a func from widget table: 0x70b0adb2d8
08-17 15:04:20.364 V/KOReader(10344): show widget: table: 0x70b0adb2d8
08-17 15:04:20.364 V/KOReader(10344): setDirty nil from widget table: 0x70b0adb2d8 w/ NO region; dithering: nil
08-17 15:04:20.367 V/KOReader(10344): painting widget: ConfigDialog
08-17 15:04:20.373 V/KOReader(10344): Found font: NotoSans-Bold.ttf in ./fonts/noto/NotoSans-Bold.ttf
08-17 15:04:20.374 V/KOReader(10344): Found font: NotoSansCJKsc-Regular.otf in ./fonts/noto/NotoSansCJKsc-Regular.otf
08-17 15:04:20.384 V/KOReader(10344): blitFrom 88 1594 0 0 73 73
08-17 15:04:20.384 V/KOReader(10344): blitFrom 291 1594 0 0 73 73
08-17 15:04:20.384 V/KOReader(10344): blitFrom 494 1594 0 0 73 73
08-17 15:04:20.384 V/KOReader(10344): blitFrom 697 1594 0 0 73 73
08-17 15:04:20.385 V/KOReader(10344): blitFrom 900 1594 0 0 73 73
08-17 15:04:20.386 V/KOReader(10344): blitFrom 1103 1594 0 0 73 73
08-17 15:04:20.386 V/KOReader(10344): painting widget: table: 0x70b0adb2d8
08-17 15:04:20.388 V/KOReader(10344): blitFrom 29 13 0 0 73 73
08-17 15:04:20.388 V/KOReader(10344): blitFrom 164 13 0 0 73 73
08-17 15:04:20.389 V/KOReader(10344): blitFrom 299 13 0 0 73 73
08-17 15:04:20.389 V/KOReader(10344): blitFrom 434 13 0 0 73 73
08-17 15:04:20.389 V/KOReader(10344): blitFrom 569 13 0 0 73 73
08-17 15:04:20.390 V/KOReader(10344): blitFrom 704 13 0 0 73 73
08-17 15:04:20.390 V/KOReader(10344): blitFrom 1162 13 0 0 73 73
08-17 15:04:20.397 V/KOReader(10344): blitFrom 58 928 0 0 73 73
08-17 15:04:20.399 V/KOReader(10344): _refresh: Enqueued ui update for region -23 1146 1310 534 dithering: false
08-17 15:04:20.399 V/KOReader(10344): _refresh: Enqueued flashui update for region 0 0 1264 1016 dithering: false
08-17 15:04:20.400 V/KOReader(10344): triggering refresh {
08-17 15:04:20.400 V/KOReader(10344):   mode = "ui",
08-17 15:04:20.400 V/KOReader(10344):   region = "1310x534+-23+1146"
08-17 15:04:20.400 V/KOReader(10344): } --[[table: 0x70bbec7df8]]
08-17 15:04:20.406 V/KOReader(10344): triggering refresh {
08-17 15:04:20.406 V/KOReader(10344):   mode = "flashui",
08-17 15:04:20.406 V/KOReader(10344):   region = "1264x1016+0+0"
08-17 15:04:20.406 V/KOReader(10344): } --[[table: 0x70bbec8970]]
08-17 15:04:20.411 V/KOReader(10344): UIManager:_standbyTransition -> AllowStandby
08-17 15:04:22.373 V/KOReader(10344): input event => type: 3 (EV_ABS), code: 47 (ABS_MT_SLOT), value: 0, time: 119683.036589
08-17 15:04:22.373 V/KOReader(10344): input event => type: 3 (EV_ABS), code: 57 (ABS_MT_TRACKING_ID), value: 0, time: 119683.036589
08-17 15:04:22.373 V/KOReader(10344): input event => type: 3 (EV_ABS), code: 53 (ABS_MT_POSITION_X), value: 156.87588500977, time: 119683.036589
08-17 15:04:22.374 V/KOReader(10344): input event => type: 3 (EV_ABS), code: 54 (ABS_MT_POSITION_Y), value: 798.52471923828, time: 119683.036589
08-17 15:04:22.374 V/KOReader(10344): input event => type: 0 (EV_SYN), code: 0 (SYN_REPORT), value: 0, time: 119683.036589
08-17 15:04:22.374 V/KOReader(10344): slot 0 in tap state...
08-17 15:04:22.374 V/KOReader(10344): set up hold timer
08-17 15:04:22.374 V/KOReader(10344): AutoTurn: onInputEvent
08-17 15:04:22.481 V/KOReader(10344): input event => type: 3 (EV_ABS), code: 47 (ABS_MT_SLOT), value: 0, time: 119683.144751
08-17 15:04:22.481 V/KOReader(10344): input event => type: 3 (EV_ABS), code: 57 (ABS_MT_TRACKING_ID), value: -1, time: 119683.144751
08-17 15:04:22.482 V/KOReader(10344): input event => type: 3 (EV_ABS), code: 53 (ABS_MT_POSITION_X), value: 156.87588500977, time: 119683.144751
08-17 15:04:22.482 V/KOReader(10344): input event => type: 3 (EV_ABS), code: 54 (ABS_MT_POSITION_Y), value: 798.52471923828, time: 119683.144751
08-17 15:04:22.482 V/KOReader(10344): input event => type: 0 (EV_SYN), code: 0 (SYN_REPORT), value: 0, time: 119683.144751
08-17 15:04:22.482 V/KOReader(10344): slot 0 in tap state...
08-17 15:04:22.482 V/KOReader(10344): Contact:handleDoubleTap: single tap detected @ 156.87588500977 798.52471923828
08-17 15:04:22.482 V/KOReader(10344): AutoTurn: onInputEvent
08-17 15:04:22.484 V/KOReader(10344): Explicit widgetInvert: table: 0x70bbea7738 @ 10 742
08-17 15:04:22.484 V/KOReader(10344): _refresh: Enqueued fast update for region 10 742 1244 83 dithering: false
08-17 15:04:22.484 V/KOReader(10344): setDirty fast from widget nil w/ region 10 742 1244 83 dithering: nil
08-17 15:04:22.485 V/KOReader(10344): triggering refresh {
08-17 15:04:22.485 V/KOReader(10344):   mode = "fast",
08-17 15:04:22.485 V/KOReader(10344):   region = "1244x83+10+742"
08-17 15:04:22.485 V/KOReader(10344): } --[[table: 0x70bbdb6be0]]
08-17 15:04:22.502 V/KOReader(10344): close widget: ConfigDialog
08-17 15:04:22.503 V/KOReader(10344): setDirty via a func from widget nil
08-17 15:04:22.503 V/KOReader(10344): Lower widget ReaderUI covers the full screen
08-17 15:04:22.503 V/KOReader(10344): setDirty nil from widget ReaderUI w/ NO region; dithering: nil
08-17 15:04:22.503 V/KOReader(10344): setDirty nil from widget table: 0x70b0adb2d8 w/ NO region; dithering: nil
08-17 15:04:22.509 V/KOReader(10344): FocusManager: Move focus position to: 7 , 1
08-17 15:04:22.510 V/KOReader(10344): setDirty via a func from widget all
08-17 15:04:22.510 V/KOReader(10344): painting widget: ReaderUI
08-17 15:04:22.510 V/KOReader(10344): readerview painting "1264x1680+0+0" to 0 0
08-17 15:04:22.510 V/KOReader(10344): CreDocument: goto page 50 flow 0
08-17 15:04:22.530 V/KOReader(10344): blitFrom 1232 0 0 0 32 32
08-17 15:04:22.534 V/KOReader(10344): painting widget: table: 0x70b0adb2d8
08-17 15:04:22.536 V/KOReader(10344): ImageWidget: _render'ing resources/icons/mdlight/appbar.navigation.svg 73 73
08-17 15:04:22.536 V/KOReader(10344): ImageWidget: initial offsets 0 0
08-17 15:04:22.536 V/KOReader(10344): blitFrom 29 13 0 0 73 73
08-17 15:04:22.536 V/KOReader(10344): ImageWidget: _render'ing resources/icons/mdlight/appbar.typeset.svg 73 73
08-17 15:04:22.536 V/KOReader(10344): ImageWidget: initial offsets 0 0
08-17 15:04:22.536 V/KOReader(10344): blitFrom 164 13 0 0 73 73
08-17 15:04:22.537 V/KOReader(10344): ImageWidget: _render'ing resources/icons/mdlight/appbar.settings.svg 73 73
08-17 15:04:22.537 V/KOReader(10344): ImageWidget: initial offsets 0 0
08-17 15:04:22.537 V/KOReader(10344): blitFrom 299 13 0 0 73 73
08-17 15:04:22.537 V/KOReader(10344): ImageWidget: _render'ing resources/icons/mdlight/appbar.tools.svg 73 73
08-17 15:04:22.537 V/KOReader(10344): ImageWidget: initial offsets 0 0
08-17 15:04:22.537 V/KOReader(10344): blitFrom 434 13 0 0 73 73
08-17 15:04:22.537 V/KOReader(10344): ImageWidget: _render'ing resources/icons/mdlight/appbar.search.svg 73 73
08-17 15:04:22.537 V/KOReader(10344): ImageWidget: initial offsets 0 0
08-17 15:04:22.537 V/KOReader(10344): blitFrom 569 13 0 0 73 73
08-17 15:04:22.537 V/KOReader(10344): ImageWidget: _render'ing resources/icons/mdlight/appbar.filebrowser.svg 73 73
08-17 15:04:22.537 V/KOReader(10344): ImageWidget: initial offsets 0 0
08-17 15:04:22.537 V/KOReader(10344): blitFrom 704 13 0 0 73 73
08-17 15:04:22.537 V/KOReader(10344): ImageWidget: _render'ing resources/icons/mdlight/appbar.menu.svg 73 73
08-17 15:04:22.537 V/KOReader(10344): ImageWidget: initial offsets 0 0
08-17 15:04:22.537 V/KOReader(10344): blitFrom 1162 13 0 0 73 73
08-17 15:04:22.542 V/KOReader(10344): ImageWidget: _render'ing resources/icons/mdlight/chevron.up.svg 73 73
08-17 15:04:22.542 V/KOReader(10344): ImageWidget: initial offsets 0 0
08-17 15:04:22.542 V/KOReader(10344): blitFrom 58 653 0 0 73 73
08-17 15:04:22.542 V/KOReader(10344): ImageWidget: _render'ing resources/icons/mdlight/chevron.left.svg 73 73
08-17 15:04:22.543 V/KOReader(10344): ImageWidget: initial offsets 0 0
08-17 15:04:22.543 V/KOReader(10344): ImageWidget: _render'ing resources/icons/mdlight/chevron.right.svg 73 73
08-17 15:04:22.543 V/KOReader(10344): ImageWidget: initial offsets 0 0
08-17 15:04:22.544 V/KOReader(10344): _refresh: Enqueued partial update for region -23 1146 1310 534 dithering: false
08-17 15:04:22.544 V/KOReader(10344): _refresh: Enqueued ui update for region 0 0 1264 1016 dithering: false
08-17 15:04:22.544 V/KOReader(10344): triggering refresh {
08-17 15:04:22.544 V/KOReader(10344):   mode = "partial",
08-17 15:04:22.544 V/KOReader(10344):   region = "1310x534+-23+1146"
08-17 15:04:22.544 V/KOReader(10344): } --[[table: 0x70b5da7bb8]]
08-17 15:04:22.553 V/KOReader(10344): triggering refresh {
08-17 15:04:22.553 V/KOReader(10344):   mode = "ui",
08-17 15:04:22.553 V/KOReader(10344):   region = "1264x1016+0+0"
08-17 15:04:22.553 V/KOReader(10344): } --[[table: 0x70b5da80d8]]
08-17 15:04:25.148 V/KOReader(10344): input event => type: 3 (EV_ABS), code: 47 (ABS_MT_SLOT), value: 0, time: 119684.248733
08-17 15:04:25.148 V/KOReader(10344): input event => type: 3 (EV_ABS), code: 57 (ABS_MT_TRACKING_ID), value: 0, time: 119684.248733
08-17 15:04:25.148 V/KOReader(10344): input event => type: 3 (EV_ABS), code: 53 (ABS_MT_POSITION_X), value: 177.85928344727, time: 119684.248733
08-17 15:04:25.148 V/KOReader(10344): input event => type: 3 (EV_ABS), code: 54 (ABS_MT_POSITION_Y), value: 339.79776000977, time: 119684.248733
08-17 15:04:25.148 V/KOReader(10344): input event => type: 0 (EV_SYN), code: 0 (SYN_REPORT), value: 0, time: 119684.248733
08-17 15:04:25.148 V/KOReader(10344): slot 0 in tap state...
08-17 15:04:25.148 V/KOReader(10344): set up hold timer
08-17 15:04:25.148 V/KOReader(10344): input event => type: 3 (EV_ABS), code: 47 (ABS_MT_SLOT), value: 0, time: 119684.385026
08-17 15:04:25.148 V/KOReader(10344): input event => type: 3 (EV_ABS), code: 57 (ABS_MT_TRACKING_ID), value: -1, time: 119684.385026
08-17 15:04:25.148 V/KOReader(10344): input event => type: 3 (EV_ABS), code: 53 (ABS_MT_POSITION_X), value: 177.85928344727, time: 119684.385026
08-17 15:04:25.148 V/KOReader(10344): input event => type: 3 (EV_ABS), code: 54 (ABS_MT_POSITION_Y), value: 339.79776000977, time: 119684.385026
08-17 15:04:25.148 V/KOReader(10344): input event => type: 0 (EV_SYN), code: 0 (SYN_REPORT), value: 0, time: 119684.385026
08-17 15:04:25.149 V/KOReader(10344): slot 0 in tap state...
08-17 15:04:25.149 V/KOReader(10344): Contact:handleDoubleTap: single tap detected @ 177.85928344727 339.79776000977
08-17 15:04:25.149 V/KOReader(10344): AutoTurn: onInputEvent
08-17 15:04:25.151 V/KOReader(10344): Explicit widgetInvert: table: 0x70bbdce4c0 @ 10 285
08-17 15:04:25.151 V/KOReader(10344): _refresh: Enqueued fast update for region 10 285 1244 83 dithering: false
08-17 15:04:25.151 V/KOReader(10344): setDirty fast from widget nil w/ region 10 285 1244 83 dithering: nil
08-17 15:04:25.152 V/KOReader(10344): triggering refresh {
08-17 15:04:25.152 V/KOReader(10344):   mode = "fast",
08-17 15:04:25.152 V/KOReader(10344):   region = "1244x83+10+285"
08-17 15:04:25.152 V/KOReader(10344): } --[[table: 0x70bbe385a0]]
08-17 15:04:25.159 V/KOReader(10344): Explicit widgetInvert: table: 0x70bbdce4c0 @ 10 285
08-17 15:04:25.159 V/KOReader(10344): _refresh: Enqueued ui update for region 10 285 1244 83 dithering: false
08-17 15:04:25.159 V/KOReader(10344): setDirty ui from widget nil w/ region 10 285 1244 83 dithering: nil
08-17 15:04:25.256 V/KOReader(10344): ImageWidget: _render'ing resources/icons/mdlight/notice-info.svg 73 73
08-17 15:04:25.256 V/KOReader(10344): ImageWidget: initial offsets 0 0
08-17 15:04:25.256 V/KOReader(10344): Found font: NotoSans-Bold.ttf in ./fonts/noto/NotoSans-Bold.ttf
08-17 15:04:25.259 V/KOReader(10344): show widget: table: 0x70bbe3dac8
08-17 15:04:25.259 V/KOReader(10344): setDirty nil from widget table: 0x70bbe3dac8 w/ NO region; dithering: nil
08-17 15:04:25.259 V/KOReader(10344): setDirty via a func from widget table: 0x70bbe3dac8
08-17 15:04:25.259 V/KOReader(10344): painting widget: table: 0x70bbe3dac8
08-17 15:04:25.260 V/KOReader(10344): blitFrom 165 713 0 0 73 73
08-17 15:04:25.267 V/KOReader(10344): _refresh: Enqueued ui update for region 10 194 1244 1292 dithering: false
08-17 15:04:25.268 V/KOReader(10344): triggering refresh {
08-17 15:04:25.268 V/KOReader(10344):   mode = "ui",
08-17 15:04:25.268 V/KOReader(10344):   region = "1244x1292+10+194"
08-17 15:04:25.268 V/KOReader(10344): } --[[table: 0x70bbe57358]]
08-17 15:04:25.276 V/KOReader(10344): collected previously dismissed subprocess
08-17 15:04:26.627 V/KOReader(10344): input event => type: 3 (EV_ABS), code: 47 (ABS_MT_SLOT), value: 0, time: 119687.288347
08-17 15:04:26.627 V/KOReader(10344): input event => type: 3 (EV_ABS), code: 57 (ABS_MT_TRACKING_ID), value: 0, time: 119687.288347
08-17 15:04:26.627 V/KOReader(10344): input event => type: 3 (EV_ABS), code: 53 (ABS_MT_POSITION_X), value: 783.38024902344, time: 119687.288347
08-17 15:04:26.627 V/KOReader(10344): input event => type: 3 (EV_ABS), code: 54 (ABS_MT_POSITION_Y), value: 1060.3688964844, time: 119687.288347
08-17 15:04:26.627 V/KOReader(10344): input event => type: 0 (EV_SYN), code: 0 (SYN_REPORT), value: 0, time: 119687.288347
08-17 15:04:26.627 V/KOReader(10344): slot 0 in tap state...
08-17 15:04:26.627 V/KOReader(10344): set up hold timer
08-17 15:04:26.627 V/KOReader(10344): AutoTurn: onInputEvent
08-17 15:04:26.629 V/KOReader(10344): MovableContainer:onMovableTouch {
08-17 15:04:26.629 V/KOReader(10344):   ges = "touch",
08-17 15:04:26.629 V/KOReader(10344):   pos = "0x0+783.38024902344+1060.3688964844",
08-17 15:04:26.629 V/KOReader(10344):   time = 119687288347
08-17 15:04:26.629 V/KOReader(10344): } --[[table: 0x70bbe5c498]]
08-17 15:04:26.721 V/KOReader(10344): input event => type: 3 (EV_ABS), code: 47 (ABS_MT_SLOT), value: 0, time: 119687.385661
08-17 15:04:26.721 V/KOReader(10344): input event => type: 3 (EV_ABS), code: 57 (ABS_MT_TRACKING_ID), value: -1, time: 119687.385661
08-17 15:04:26.721 V/KOReader(10344): input event => type: 3 (EV_ABS), code: 53 (ABS_MT_POSITION_X), value: 783.38024902344, time: 119687.385661
08-17 15:04:26.721 V/KOReader(10344): input event => type: 3 (EV_ABS), code: 54 (ABS_MT_POSITION_Y), value: 1060.3688964844, time: 119687.385661
08-17 15:04:26.721 V/KOReader(10344): input event => type: 0 (EV_SYN), code: 0 (SYN_REPORT), value: 0, time: 119687.385661
08-17 15:04:26.721 V/KOReader(10344): slot 0 in tap state...
08-17 15:04:26.721 V/KOReader(10344): Contact:handleDoubleTap: single tap detected @ 783.38024902344 1060.3688964844
08-17 15:04:26.722 V/KOReader(10344): AutoTurn: onInputEvent
08-17 15:04:26.836 V/KOReader(10344): input event => type: 3 (EV_ABS), code: 47 (ABS_MT_SLOT), value: 0, time: 119687.499610
08-17 15:04:26.836 V/KOReader(10344): input event => type: 3 (EV_ABS), code: 57 (ABS_MT_TRACKING_ID), value: 0, time: 119687.499610
08-17 15:04:26.836 V/KOReader(10344): input event => type: 3 (EV_ABS), code: 53 (ABS_MT_POSITION_X), value: 860.3193359375, time: 119687.499610
08-17 15:04:26.836 V/KOReader(10344): input event => type: 3 (EV_ABS), code: 54 (ABS_MT_POSITION_Y), value: 1019.3932495117, time: 119687.499610
08-17 15:04:26.836 V/KOReader(10344): input event => type: 0 (EV_SYN), code: 0 (SYN_REPORT), value: 0, time: 119687.499610
08-17 15:04:26.836 V/KOReader(10344): slot 0 in tap state...
08-17 15:04:26.836 V/KOReader(10344): set up hold timer
08-17 15:04:26.837 V/KOReader(10344): AutoTurn: onInputEvent
08-17 15:04:26.839 V/KOReader(10344): MovableContainer:onMovableTouch {
08-17 15:04:26.839 V/KOReader(10344):   ges = "touch",
08-17 15:04:26.839 V/KOReader(10344):   pos = "0x0+860.3193359375+1019.3932495117",
08-17 15:04:26.839 V/KOReader(10344):   time = 119687499610
08-17 15:04:26.839 V/KOReader(10344): } --[[table: 0x70bbe62808]]
08-17 15:04:26.917 V/KOReader(10344): input event => type: 3 (EV_ABS), code: 47 (ABS_MT_SLOT), value: 0, time: 119687.581752
08-17 15:04:26.917 V/KOReader(10344): input event => type: 3 (EV_ABS), code: 57 (ABS_MT_TRACKING_ID), value: -1, time: 119687.581752
08-17 15:04:26.917 V/KOReader(10344): input event => type: 3 (EV_ABS), code: 53 (ABS_MT_POSITION_X), value: 860.3193359375, time: 119687.581752
08-17 15:04:26.917 V/KOReader(10344): input event => type: 3 (EV_ABS), code: 54 (ABS_MT_POSITION_Y), value: 1019.3932495117, time: 119687.581752
08-17 15:04:26.917 V/KOReader(10344): input event => type: 0 (EV_SYN), code: 0 (SYN_REPORT), value: 0, time: 119687.581752
08-17 15:04:26.917 V/KOReader(10344): slot 0 in tap state...
08-17 15:04:26.917 V/KOReader(10344): Contact:handleDoubleTap: single tap detected @ 860.3193359375 1019.3932495117
08-17 15:04:26.918 V/KOReader(10344): AutoTurn: onInputEvent
08-17 15:04:27.003 V/KOReader(10344): input event => type: 3 (EV_ABS), code: 47 (ABS_MT_SLOT), value: 0, time: 119687.667461
08-17 15:04:27.003 V/KOReader(10344): input event => type: 3 (EV_ABS), code: 57 (ABS_MT_TRACKING_ID), value: 0, time: 119687.667461
08-17 15:04:27.003 V/KOReader(10344): input event => type: 3 (EV_ABS), code: 53 (ABS_MT_POSITION_X), value: 926.26715087891, time: 119687.667461
08-17 15:04:27.003 V/KOReader(10344): input event => type: 3 (EV_ABS), code: 54 (ABS_MT_POSITION_Y), value: 981.41583251953, time: 119687.667461
08-17 15:04:27.003 V/KOReader(10344): input event => type: 0 (EV_SYN), code: 0 (SYN_REPORT), value: 0, time: 119687.667461
08-17 15:04:27.004 V/KOReader(10344): slot 0 in tap state...
08-17 15:04:27.004 V/KOReader(10344): set up hold timer
08-17 15:04:27.004 V/KOReader(10344): AutoTurn: onInputEvent
08-17 15:04:27.006 V/KOReader(10344): MovableContainer:onMovableTouch {
08-17 15:04:27.006 V/KOReader(10344):   ges = "touch",
08-17 15:04:27.006 V/KOReader(10344):   pos = "0x0+926.26715087891+981.41583251953",
08-17 15:04:27.006 V/KOReader(10344):   time = 119687667461
08-17 15:04:27.006 V/KOReader(10344): } --[[table: 0x70bbe68ef0]]
08-17 15:04:27.085 V/KOReader(10344): input event => type: 3 (EV_ABS), code: 47 (ABS_MT_SLOT), value: 0, time: 119687.749364
08-17 15:04:27.085 V/KOReader(10344): input event => type: 3 (EV_ABS), code: 57 (ABS_MT_TRACKING_ID), value: -1, time: 119687.749364
08-17 15:04:27.085 V/KOReader(10344): input event => type: 3 (EV_ABS), code: 53 (ABS_MT_POSITION_X), value: 926.26715087891, time: 119687.749364
08-17 15:04:27.085 V/KOReader(10344): input event => type: 3 (EV_ABS), code: 54 (ABS_MT_POSITION_Y), value: 981.41583251953, time: 119687.749364
08-17 15:04:27.085 V/KOReader(10344): input event => type: 0 (EV_SYN), code: 0 (SYN_REPORT), value: 0, time: 119687.749364
08-17 15:04:27.085 V/KOReader(10344): slot 0 in tap state...
08-17 15:04:27.085 V/KOReader(10344): Contact:handleDoubleTap: single tap detected @ 926.26715087891 981.41583251953
08-17 15:04:27.086 V/KOReader(10344): AutoTurn: onInputEvent
08-17 15:04:27.161 V/KOReader(10344): input event => type: 3 (EV_ABS), code: 47 (ABS_MT_SLOT), value: 0, time: 119687.825327
08-17 15:04:27.161 V/KOReader(10344): input event => type: 3 (EV_ABS), code: 57 (ABS_MT_TRACKING_ID), value: 0, time: 119687.825327
08-17 15:04:27.161 V/KOReader(10344): input event => type: 3 (EV_ABS), code: 53 (ABS_MT_POSITION_X), value: 931.26324462891, time: 119687.825327
08-17 15:04:27.161 V/KOReader(10344): input event => type: 3 (EV_ABS), code: 54 (ABS_MT_POSITION_Y), value: 966.4248046875, time: 119687.825327
08-17 15:04:27.161 V/KOReader(10344): input event => type: 0 (EV_SYN), code: 0 (SYN_REPORT), value: 0, time: 119687.825327
08-17 15:04:27.161 V/KOReader(10344): slot 0 in tap state...
08-17 15:04:27.161 V/KOReader(10344): set up hold timer
08-17 15:04:27.162 V/KOReader(10344): AutoTurn: onInputEvent
08-17 15:04:27.164 V/KOReader(10344): MovableContainer:onMovableTouch {
08-17 15:04:27.164 V/KOReader(10344):   ges = "touch",
08-17 15:04:27.164 V/KOReader(10344):   pos = "0x0+931.26324462891+966.4248046875",
08-17 15:04:27.164 V/KOReader(10344):   time = 119687825327
08-17 15:04:27.164 V/KOReader(10344): } --[[table: 0x70bbe6ead0]]
08-17 15:04:27.189 V/KOReader(10344): input event => type: 3 (EV_ABS), code: 47 (ABS_MT_SLOT), value: 0, time: 119687.854100
08-17 15:04:27.190 V/KOReader(10344): input event => type: 3 (EV_ABS), code: 53 (ABS_MT_POSITION_X), value: 931.26324462891, time: 119687.854100
08-17 15:04:27.190 V/KOReader(10344): input event => type: 3 (EV_ABS), code: 54 (ABS_MT_POSITION_Y), value: 966.4248046875, time: 119687.854100
08-17 15:04:27.190 V/KOReader(10344): input event => type: 0 (EV_SYN), code: 0 (SYN_REPORT), value: 0, time: 119687.854100
08-17 15:04:27.190 V/KOReader(10344): slot 0 in tap state...
08-17 15:04:27.253 V/KOReader(10344): input event => type: 3 (EV_ABS), code: 47 (ABS_MT_SLOT), value: 0, time: 119687.917648
08-17 15:04:27.253 V/KOReader(10344): input event => type: 3 (EV_ABS), code: 57 (ABS_MT_TRACKING_ID), value: -1, time: 119687.917648
08-17 15:04:27.253 V/KOReader(10344): input event => type: 3 (EV_ABS), code: 53 (ABS_MT_POSITION_X), value: 931.26324462891, time: 119687.917648
08-17 15:04:27.253 V/KOReader(10344): input event => type: 3 (EV_ABS), code: 54 (ABS_MT_POSITION_Y), value: 966.4248046875, time: 119687.917648
08-17 15:04:27.253 V/KOReader(10344): input event => type: 0 (EV_SYN), code: 0 (SYN_REPORT), value: 0, time: 119687.917648
08-17 15:04:27.253 V/KOReader(10344): slot 0 in tap state...
08-17 15:04:27.253 V/KOReader(10344): Contact:handleDoubleTap: single tap detected @ 931.26324462891 966.4248046875
08-17 15:04:27.253 V/KOReader(10344): AutoTurn: onInputEvent
08-17 15:04:27.358 V/KOReader(10344): input event => type: 3 (EV_ABS), code: 47 (ABS_MT_SLOT), value: 0, time: 119688.022629
08-17 15:04:27.358 V/KOReader(10344): input event => type: 3 (EV_ABS), code: 57 (ABS_MT_TRACKING_ID), value: 0, time: 119688.022629
08-17 15:04:27.358 V/KOReader(10344): input event => type: 3 (EV_ABS), code: 53 (ABS_MT_POSITION_X), value: 987.21893310547, time: 119688.022629
08-17 15:04:27.358 V/KOReader(10344): input event => type: 3 (EV_ABS), code: 54 (ABS_MT_POSITION_Y), value: 960.42834472656, time: 119688.022629
08-17 15:04:27.359 V/KOReader(10344): input event => type: 0 (EV_SYN), code: 0 (SYN_REPORT), value: 0, time: 119688.022629
08-17 15:04:27.359 V/KOReader(10344): slot 0 in tap state...
08-17 15:04:27.359 V/KOReader(10344): set up hold timer
08-17 15:04:27.360 V/KOReader(10344): AutoTurn: onInputEvent
08-17 15:04:27.361 V/KOReader(10344): MovableContainer:onMovableTouch {
08-17 15:04:27.361 V/KOReader(10344):   ges = "touch",
08-17 15:04:27.361 V/KOReader(10344):   pos = "0x0+987.21893310547+960.42834472656",
08-17 15:04:27.361 V/KOReader(10344):   time = 119688022629
08-17 15:04:27.361 V/KOReader(10344): } --[[table: 0x70bbe15c28]]
08-17 15:04:27.449 V/KOReader(10344): input event => type: 3 (EV_ABS), code: 47 (ABS_MT_SLOT), value: 0, time: 119688.113825
08-17 15:04:27.449 V/KOReader(10344): input event => type: 3 (EV_ABS), code: 57 (ABS_MT_TRACKING_ID), value: -1, time: 119688.113825
08-17 15:04:27.449 V/KOReader(10344): input event => type: 3 (EV_ABS), code: 53 (ABS_MT_POSITION_X), value: 987.21893310547, time: 119688.113825
08-17 15:04:27.449 V/KOReader(10344): input event => type: 3 (EV_ABS), code: 54 (ABS_MT_POSITION_Y), value: 960.42834472656, time: 119688.113825
08-17 15:04:27.449 V/KOReader(10344): input event => type: 0 (EV_SYN), code: 0 (SYN_REPORT), value: 0, time: 119688.113825
08-17 15:04:27.450 V/KOReader(10344): slot 0 in tap state...
08-17 15:04:27.450 V/KOReader(10344): Contact:handleDoubleTap: single tap detected @ 987.21893310547 960.42834472656
08-17 15:04:27.450 V/KOReader(10344): AutoTurn: onInputEvent
08-17 15:04:34.134 V/KOReader(10344): input event => type: 3 (EV_ABS), code: 47 (ABS_MT_SLOT), value: 0, time: 119694.797154
08-17 15:04:34.134 V/KOReader(10344): input event => type: 3 (EV_ABS), code: 57 (ABS_MT_TRACKING_ID), value: 0, time: 119694.797154
08-17 15:04:34.134 V/KOReader(10344): input event => type: 3 (EV_ABS), code: 53 (ABS_MT_POSITION_X), value: 605.52093505859, time: 119694.797154
08-17 15:04:34.134 V/KOReader(10344): input event => type: 3 (EV_ABS), code: 54 (ABS_MT_POSITION_Y), value: 1473.1231689453, time: 119694.797154
08-17 15:04:34.134 V/KOReader(10344): input event => type: 0 (EV_SYN), code: 0 (SYN_REPORT), value: 0, time: 119694.797154
08-17 15:04:34.134 V/KOReader(10344): slot 0 in tap state...
08-17 15:04:34.134 V/KOReader(10344): set up hold timer
08-17 15:04:34.134 V/KOReader(10344): AutoTurn: onInputEvent
08-17 15:04:34.136 V/KOReader(10344): MovableContainer:onMovableTouch {
08-17 15:04:34.136 V/KOReader(10344):   ges = "touch",
08-17 15:04:34.136 V/KOReader(10344):   pos = "0x0+605.52093505859+1473.1231689453",
08-17 15:04:34.136 V/KOReader(10344):   time = 119694797154
08-17 15:04:34.136 V/KOReader(10344): } --[[table: 0x70bbe1aa18]]
08-17 15:04:34.279 V/KOReader(10344): input event => type: 3 (EV_ABS), code: 47 (ABS_MT_SLOT), value: 0, time: 119694.943277
08-17 15:04:34.279 V/KOReader(10344): input event => type: 3 (EV_ABS), code: 57 (ABS_MT_TRACKING_ID), value: -1, time: 119694.943277
08-17 15:04:34.279 V/KOReader(10344): input event => type: 3 (EV_ABS), code: 53 (ABS_MT_POSITION_X), value: 605.52093505859, time: 119694.943277
08-17 15:04:34.279 V/KOReader(10344): input event => type: 3 (EV_ABS), code: 54 (ABS_MT_POSITION_Y), value: 1473.1231689453, time: 119694.943277
08-17 15:04:34.279 V/KOReader(10344): input event => type: 0 (EV_SYN), code: 0 (SYN_REPORT), value: 0, time: 119694.943277
08-17 15:04:34.280 V/KOReader(10344): slot 0 in tap state...
08-17 15:04:34.280 V/KOReader(10344): Contact:handleDoubleTap: single tap detected @ 605.52093505859 1473.1231689453
08-17 15:04:34.280 V/KOReader(10344): AutoTurn: onInputEvent
08-17 15:04:34.280 V/KOReader(10344): Explicit widgetRepaint: table: 0x70bbd82bc8 @ 165 1404
08-17 15:04:34.281 V/KOReader(10344): _refresh: Enqueued fast update for region 165 1404 934 75 dithering: false
08-17 15:04:34.281 V/KOReader(10344): setDirty fast from widget nil w/ region 165 1404 934 75 dithering: nil
08-17 15:04:34.283 V/KOReader(10344): triggering refresh {
08-17 15:04:34.283 V/KOReader(10344):   mode = "fast",
08-17 15:04:34.283 V/KOReader(10344):   region = "934x75+165+1404"
08-17 15:04:34.283 V/KOReader(10344): } --[[table: 0x70bbe1ece8]]
08-17 15:04:34.294 V/KOReader(10344): Explicit widgetRepaint: table: 0x70bbd82bc8 @ 165 1404
08-17 15:04:34.295 V/KOReader(10344): _refresh: Enqueued fast update for region 165 1404 934 75 dithering: false
08-17 15:04:34.295 V/KOReader(10344): setDirty fast from widget nil w/ region 165 1404 934 75 dithering: nil
08-17 15:04:34.295 V/KOReader(10344): close widget: table: 0x70bbe3dac8
08-17 15:04:34.295 V/KOReader(10344): setDirty via a func from widget nil
08-17 15:04:34.295 V/KOReader(10344): Lower widget ReaderUI covers the full screen
08-17 15:04:34.295 V/KOReader(10344): setDirty nil from widget ReaderUI w/ NO region; dithering: nil
08-17 15:04:34.295 V/KOReader(10344): setDirty nil from widget table: 0x70b0adb2d8 w/ NO region; dithering: nil
08-17 15:04:34.295 V/KOReader(10344): painting widget: ReaderUI
08-17 15:04:34.296 V/KOReader(10344): readerview painting "1264x1680+0+0" to 0 0
08-17 15:04:34.296 V/KOReader(10344): CreDocument: goto page 50 flow 0
08-17 15:04:34.298 V/KOReader(10344): blitFrom 1232 0 0 0 32 32
08-17 15:04:34.301 V/KOReader(10344): painting widget: table: 0x70b0adb2d8
08-17 15:04:34.302 V/KOReader(10344): blitFrom 29 13 0 0 73 73
08-17 15:04:34.302 V/KOReader(10344): blitFrom 164 13 0 0 73 73
08-17 15:04:34.302 V/KOReader(10344): blitFrom 299 13 0 0 73 73
08-17 15:04:34.303 V/KOReader(10344): blitFrom 434 13 0 0 73 73
08-17 15:04:34.303 V/KOReader(10344): blitFrom 569 13 0 0 73 73
08-17 15:04:34.303 V/KOReader(10344): blitFrom 704 13 0 0 73 73
08-17 15:04:34.303 V/KOReader(10344): blitFrom 1162 13 0 0 73 73
08-17 15:04:34.307 V/KOReader(10344): blitFrom 58 653 0 0 73 73
08-17 15:04:34.307 V/KOReader(10344): update_mode: Update refresh mode fast to ui
08-17 15:04:34.307 V/KOReader(10344): _refresh: Enqueued ui update for region 152 194 960 1292 dithering: false
08-17 15:04:34.308 V/KOReader(10344): triggering refresh {
08-17 15:04:34.308 V/KOReader(10344):   mode = "ui",
08-17 15:04:34.308 V/KOReader(10344):   region = "960x1292+152+194"
08-17 15:04:34.308 V/KOReader(10344): } --[[table: 0x70b5d8f4f0]]
08-17 15:04:35.364 V/KOReader(10344): input event => type: 3 (EV_ABS), code: 47 (ABS_MT_SLOT), value: 0, time: 119696.028178
08-17 15:04:35.364 V/KOReader(10344): input event => type: 3 (EV_ABS), code: 57 (ABS_MT_TRACKING_ID), value: 0, time: 119696.028178
08-17 15:04:35.365 V/KOReader(10344): input event => type: 3 (EV_ABS), code: 53 (ABS_MT_POSITION_X), value: 198.84268188477, time: 119696.028178
08-17 15:04:35.365 V/KOReader(10344): input event => type: 3 (EV_ABS), code: 54 (ABS_MT_POSITION_Y), value: 362.78405761719, time: 119696.028178
08-17 15:04:35.365 V/KOReader(10344): input event => type: 0 (EV_SYN), code: 0 (SYN_REPORT), value: 0, time: 119696.028178
08-17 15:04:35.365 V/KOReader(10344): slot 0 in tap state...
08-17 15:04:35.365 V/KOReader(10344): set up hold timer
08-17 15:04:35.365 V/KOReader(10344): AutoTurn: onInputEvent
08-17 15:04:35.474 V/KOReader(10344): input event => type: 3 (EV_ABS), code: 47 (ABS_MT_SLOT), value: 0, time: 119696.138436
08-17 15:04:35.474 V/KOReader(10344): input event => type: 3 (EV_ABS), code: 57 (ABS_MT_TRACKING_ID), value: -1, time: 119696.138436
08-17 15:04:35.474 V/KOReader(10344): input event => type: 3 (EV_ABS), code: 53 (ABS_MT_POSITION_X), value: 198.84268188477, time: 119696.138436
08-17 15:04:35.474 V/KOReader(10344): input event => type: 3 (EV_ABS), code: 54 (ABS_MT_POSITION_Y), value: 362.78405761719, time: 119696.138436
08-17 15:04:35.474 V/KOReader(10344): input event => type: 0 (EV_SYN), code: 0 (SYN_REPORT), value: 0, time: 119696.138436
08-17 15:04:35.474 V/KOReader(10344): slot 0 in tap state...
08-17 15:04:35.474 V/KOReader(10344): Contact:handleDoubleTap: single tap detected @ 198.84268188477 362.78405761719
08-17 15:04:35.475 V/KOReader(10344): AutoTurn: onInputEvent
08-17 15:04:35.476 V/KOReader(10344): Explicit widgetInvert: table: 0x70bbdce4c0 @ 10 285
08-17 15:04:35.476 V/KOReader(10344): _refresh: Enqueued fast update for region 10 285 1244 83 dithering: false
08-17 15:04:35.476 V/KOReader(10344): setDirty fast from widget nil w/ region 10 285 1244 83 dithering: nil
08-17 15:04:35.478 V/KOReader(10344): triggering refresh {
08-17 15:04:35.478 V/KOReader(10344):   mode = "fast",
08-17 15:04:35.478 V/KOReader(10344):   region = "1244x83+10+285"
08-17 15:04:35.478 V/KOReader(10344): } --[[table: 0x70b5d968d8]]
08-17 15:04:35.491 V/KOReader(10344): Explicit widgetInvert: table: 0x70bbdce4c0 @ 10 285
08-17 15:04:35.491 V/KOReader(10344): _refresh: Enqueued ui update for region 10 285 1244 83 dithering: false
08-17 15:04:35.491 V/KOReader(10344): setDirty ui from widget nil w/ region 10 285 1244 83 dithering: nil
